<?xml version="1.0" encoding="UTF-8"?>
<testsuites>
  <testsuite name="" tests="89" assertions="270" errors="0" warnings="0" failures="0" skipped="0" time="0.412162">
    <testsuite name="all" tests="89" assertions="270" errors="0" warnings="0" failures="0" skipped="0" time="0.412162">
      <testsuite name="App\AdventureGame\GameTest" file="/Users/elena/dbwebb-kurser/mvc/me/report/tests/AdventureGame/GameTest.php" tests="22" assertions="65" errors="0" warnings="0" failures="0" skipped="0" time="0.081394">
        <testcase name="testCreateObject" class="App\AdventureGame\GameTest" classname="App.AdventureGame.GameTest" file="/Users/elena/dbwebb-kurser/mvc/me/report/tests/AdventureGame/GameTest.php" line="59" assertions="1" time="0.018095"/>
        <testcase name="testGetCurrentRoom" class="App\AdventureGame\GameTest" classname="App.AdventureGame.GameTest" file="/Users/elena/dbwebb-kurser/mvc/me/report/tests/AdventureGame/GameTest.php" line="67" assertions="2" time="0.002825"/>
        <testcase name="testGetCurrentRoomItems" class="App\AdventureGame\GameTest" classname="App.AdventureGame.GameTest" file="/Users/elena/dbwebb-kurser/mvc/me/report/tests/AdventureGame/GameTest.php" line="78" assertions="3" time="0.005463"/>
        <testcase name="testSetRoomTo" class="App\AdventureGame\GameTest" classname="App.AdventureGame.GameTest" file="/Users/elena/dbwebb-kurser/mvc/me/report/tests/AdventureGame/GameTest.php" line="90" assertions="1" time="0.020394"/>
        <testcase name="testGetVisitedRooms" class="App\AdventureGame\GameTest" classname="App.AdventureGame.GameTest" file="/Users/elena/dbwebb-kurser/mvc/me/report/tests/AdventureGame/GameTest.php" line="103" assertions="7" time="0.004418"/>
        <testcase name="testGetDirections" class="App\AdventureGame\GameTest" classname="App.AdventureGame.GameTest" file="/Users/elena/dbwebb-kurser/mvc/me/report/tests/AdventureGame/GameTest.php" line="124" assertions="5" time="0.001181"/>
        <testcase name="testCheckValidDirection" class="App\AdventureGame\GameTest" classname="App.AdventureGame.GameTest" file="/Users/elena/dbwebb-kurser/mvc/me/report/tests/AdventureGame/GameTest.php" line="150" assertions="3" time="0.003240"/>
        <testcase name="testGetDirectionsAsString" class="App\AdventureGame\GameTest" classname="App.AdventureGame.GameTest" file="/Users/elena/dbwebb-kurser/mvc/me/report/tests/AdventureGame/GameTest.php" line="172" assertions="4" time="0.001327"/>
        <testcase name="testGetLocationOfDirection" class="App\AdventureGame\GameTest" classname="App.AdventureGame.GameTest" file="/Users/elena/dbwebb-kurser/mvc/me/report/tests/AdventureGame/GameTest.php" line="185" assertions="4" time="0.001683"/>
        <testcase name="testGetBasketEmpty" class="App\AdventureGame\GameTest" classname="App.AdventureGame.GameTest" file="/Users/elena/dbwebb-kurser/mvc/me/report/tests/AdventureGame/GameTest.php" line="196" assertions="1" time="0.001235"/>
        <testcase name="testPickUpOne" class="App\AdventureGame\GameTest" classname="App.AdventureGame.GameTest" file="/Users/elena/dbwebb-kurser/mvc/me/report/tests/AdventureGame/GameTest.php" line="204" assertions="2" time="0.001581"/>
        <testcase name="testPickUpMany" class="App\AdventureGame\GameTest" classname="App.AdventureGame.GameTest" file="/Users/elena/dbwebb-kurser/mvc/me/report/tests/AdventureGame/GameTest.php" line="215" assertions="2" time="0.004757"/>
        <testcase name="testPutDownEmpty" class="App\AdventureGame\GameTest" classname="App.AdventureGame.GameTest" file="/Users/elena/dbwebb-kurser/mvc/me/report/tests/AdventureGame/GameTest.php" line="232" assertions="2" time="0.001014"/>
        <testcase name="testPutDownNotExist" class="App\AdventureGame\GameTest" classname="App.AdventureGame.GameTest" file="/Users/elena/dbwebb-kurser/mvc/me/report/tests/AdventureGame/GameTest.php" line="243" assertions="2" time="0.001995"/>
        <testcase name="testPutDownExist" class="App\AdventureGame\GameTest" classname="App.AdventureGame.GameTest" file="/Users/elena/dbwebb-kurser/mvc/me/report/tests/AdventureGame/GameTest.php" line="256" assertions="2" time="0.001900"/>
        <testcase name="testCheckItemInBasket" class="App\AdventureGame\GameTest" classname="App.AdventureGame.GameTest" file="/Users/elena/dbwebb-kurser/mvc/me/report/tests/AdventureGame/GameTest.php" line="269" assertions="3" time="0.001012"/>
        <testcase name="testCheckIngredients" class="App\AdventureGame\GameTest" classname="App.AdventureGame.GameTest" file="/Users/elena/dbwebb-kurser/mvc/me/report/tests/AdventureGame/GameTest.php" line="284" assertions="3" time="0.001925"/>
        <testcase name="testInspectRoom" class="App\AdventureGame\GameTest" classname="App.AdventureGame.GameTest" file="/Users/elena/dbwebb-kurser/mvc/me/report/tests/AdventureGame/GameTest.php" line="317" assertions="3" time="0.001466"/>
        <testcase name="testInspectItem" class="App\AdventureGame\GameTest" classname="App.AdventureGame.GameTest" file="/Users/elena/dbwebb-kurser/mvc/me/report/tests/AdventureGame/GameTest.php" line="329" assertions="3" time="0.001112"/>
        <testcase name="testInspectBasketItem" class="App\AdventureGame\GameTest" classname="App.AdventureGame.GameTest" file="/Users/elena/dbwebb-kurser/mvc/me/report/tests/AdventureGame/GameTest.php" line="341" assertions="3" time="0.001523"/>
        <testcase name="testInspectEmptyInput" class="App\AdventureGame\GameTest" classname="App.AdventureGame.GameTest" file="/Users/elena/dbwebb-kurser/mvc/me/report/tests/AdventureGame/GameTest.php" line="355" assertions="3" time="0.001110"/>
        <testcase name="testGetActions" class="App\AdventureGame\GameTest" classname="App.AdventureGame.GameTest" file="/Users/elena/dbwebb-kurser/mvc/me/report/tests/AdventureGame/GameTest.php" line="367" assertions="6" time="0.002137"/>
      </testsuite>
      <testsuite name="App\Card\CardCollectionTest" file="/Users/elena/dbwebb-kurser/mvc/me/report/tests/Card/CardCollectionTest.php" tests="8" assertions="30" errors="0" warnings="0" failures="0" skipped="0" time="0.055037">
        <testcase name="testCreateObjectNoArguments" class="App\Card\CardCollectionTest" classname="App.Card.CardCollectionTest" file="/Users/elena/dbwebb-kurser/mvc/me/report/tests/Card/CardCollectionTest.php" line="15" assertions="2" time="0.003573"/>
        <testcase name="testMethodAddCard" class="App\Card\CardCollectionTest" classname="App.Card.CardCollectionTest" file="/Users/elena/dbwebb-kurser/mvc/me/report/tests/Card/CardCollectionTest.php" line="26" assertions="1" time="0.003111"/>
        <testcase name="testMethodRemoveCard" class="App\Card\CardCollectionTest" classname="App.Card.CardCollectionTest" file="/Users/elena/dbwebb-kurser/mvc/me/report/tests/Card/CardCollectionTest.php" line="40" assertions="1" time="0.001594"/>
        <testcase name="testMethodReturningValues" class="App\Card\CardCollectionTest" classname="App.Card.CardCollectionTest" file="/Users/elena/dbwebb-kurser/mvc/me/report/tests/Card/CardCollectionTest.php" line="53" assertions="6" time="0.007349"/>
        <testcase name="testMethodReturningStrings" class="App\Card\CardCollectionTest" classname="App.Card.CardCollectionTest" file="/Users/elena/dbwebb-kurser/mvc/me/report/tests/Card/CardCollectionTest.php" line="77" assertions="5" time="0.005044"/>
        <testcase name="testMethodReturningColors" class="App\Card\CardCollectionTest" classname="App.Card.CardCollectionTest" file="/Users/elena/dbwebb-kurser/mvc/me/report/tests/Card/CardCollectionTest.php" line="100" assertions="5" time="0.022543"/>
        <testcase name="testMethodShuffle" class="App\Card\CardCollectionTest" classname="App.Card.CardCollectionTest" file="/Users/elena/dbwebb-kurser/mvc/me/report/tests/Card/CardCollectionTest.php" line="123" assertions="2" time="0.002860"/>
        <testcase name="testMethodDraw" class="App\Card\CardCollectionTest" classname="App.Card.CardCollectionTest" file="/Users/elena/dbwebb-kurser/mvc/me/report/tests/Card/CardCollectionTest.php" line="149" assertions="8" time="0.008962"/>
      </testsuite>
      <testsuite name="App\Card\CardGraphicTest" file="/Users/elena/dbwebb-kurser/mvc/me/report/tests/Card/CardGraphicTest.php" tests="2" assertions="9" errors="0" warnings="0" failures="0" skipped="0" time="0.017654">
        <testcase name="testCreateObjectNoArguments" class="App\Card\CardGraphicTest" classname="App.Card.CardGraphicTest" file="/Users/elena/dbwebb-kurser/mvc/me/report/tests/Card/CardGraphicTest.php" line="15" assertions="7" time="0.015354"/>
        <testcase name="testMethodReturningCardAsString" class="App\Card\CardGraphicTest" classname="App.Card.CardGraphicTest" file="/Users/elena/dbwebb-kurser/mvc/me/report/tests/Card/CardGraphicTest.php" line="30" assertions="2" time="0.002300"/>
      </testsuite>
      <testsuite name="App\Card\CardTest" file="/Users/elena/dbwebb-kurser/mvc/me/report/tests/Card/CardTest.php" tests="6" assertions="27" errors="0" warnings="0" failures="0" skipped="0" time="0.041510">
        <testcase name="testCreateObjectNoArguments" class="App\Card\CardTest" classname="App.Card.CardTest" file="/Users/elena/dbwebb-kurser/mvc/me/report/tests/Card/CardTest.php" line="15" assertions="7" time="0.008739"/>
        <testcase name="testCreateObjectWithArguments" class="App\Card\CardTest" classname="App.Card.CardTest" file="/Users/elena/dbwebb-kurser/mvc/me/report/tests/Card/CardTest.php" line="30" assertions="9" time="0.005395"/>
        <testcase name="testMethodReturningCardValue" class="App\Card\CardTest" classname="App.Card.CardTest" file="/Users/elena/dbwebb-kurser/mvc/me/report/tests/Card/CardTest.php" line="50" assertions="6" time="0.006941"/>
        <testcase name="testMethodReturningCardValuesAsString" class="App\Card\CardTest" classname="App.Card.CardTest" file="/Users/elena/dbwebb-kurser/mvc/me/report/tests/Card/CardTest.php" line="87" assertions="2" time="0.002461"/>
        <testcase name="testMethodReturningCardColor" class="App\Card\CardTest" classname="App.Card.CardTest" file="/Users/elena/dbwebb-kurser/mvc/me/report/tests/Card/CardTest.php" line="102" assertions="2" time="0.005449"/>
        <testcase name="testMethodDraw" class="App\Card\CardTest" classname="App.Card.CardTest" file="/Users/elena/dbwebb-kurser/mvc/me/report/tests/Card/CardTest.php" line="122" assertions="1" time="0.012524"/>
      </testsuite>
      <testsuite name="App\Card\DeckOfCardsTest" file="/Users/elena/dbwebb-kurser/mvc/me/report/tests/Card/DeckOfCardsTest.php" tests="3" assertions="3" errors="0" warnings="0" failures="0" skipped="0" time="0.011837">
        <testcase name="testCreateObjectNoArguments" class="App\Card\DeckOfCardsTest" classname="App.Card.DeckOfCardsTest" file="/Users/elena/dbwebb-kurser/mvc/me/report/tests/Card/DeckOfCardsTest.php" line="32" assertions="1" time="0.004706"/>
        <testcase name="testCompleteDeck" class="App\Card\DeckOfCardsTest" classname="App.Card.DeckOfCardsTest" file="/Users/elena/dbwebb-kurser/mvc/me/report/tests/Card/DeckOfCardsTest.php" line="41" assertions="1" time="0.002099"/>
        <testcase name="testIncompleteDeck" class="App\Card\DeckOfCardsTest" classname="App.Card.DeckOfCardsTest" file="/Users/elena/dbwebb-kurser/mvc/me/report/tests/Card/DeckOfCardsTest.php" line="49" assertions="1" time="0.005032"/>
      </testsuite>
      <testsuite name="App\Entity\AdventureItemsTest" file="/Users/elena/dbwebb-kurser/mvc/me/report/tests/Entity/AdventureItemsTest.php" tests="6" assertions="14" errors="0" warnings="0" failures="0" skipped="0" time="0.015777">
        <testcase name="testCreateObject" class="App\Entity\AdventureItemsTest" classname="App.Entity.AdventureItemsTest" file="/Users/elena/dbwebb-kurser/mvc/me/report/tests/Entity/AdventureItemsTest.php" line="28" assertions="2" time="0.001271"/>
        <testcase name="testGetAndSetName" class="App\Entity\AdventureItemsTest" classname="App.Entity.AdventureItemsTest" file="/Users/elena/dbwebb-kurser/mvc/me/report/tests/Entity/AdventureItemsTest.php" line="37" assertions="3" time="0.001649"/>
        <testcase name="testGetAndSetDescription" class="App\Entity\AdventureItemsTest" classname="App.Entity.AdventureItemsTest" file="/Users/elena/dbwebb-kurser/mvc/me/report/tests/Entity/AdventureItemsTest.php" line="49" assertions="2" time="0.002059"/>
        <testcase name="testGetAndSetsPrice" class="App\Entity\AdventureItemsTest" classname="App.Entity.AdventureItemsTest" file="/Users/elena/dbwebb-kurser/mvc/me/report/tests/Entity/AdventureItemsTest.php" line="68" assertions="3" time="0.005270"/>
        <testcase name="testGetAndSetsImage" class="App\Entity\AdventureItemsTest" classname="App.Entity.AdventureItemsTest" file="/Users/elena/dbwebb-kurser/mvc/me/report/tests/Entity/AdventureItemsTest.php" line="81" assertions="2" time="0.001414"/>
        <testcase name="testGetAndSetsRoom" class="App\Entity\AdventureItemsTest" classname="App.Entity.AdventureItemsTest" file="/Users/elena/dbwebb-kurser/mvc/me/report/tests/Entity/AdventureItemsTest.php" line="92" assertions="2" time="0.004114"/>
      </testsuite>
      <testsuite name="App\Entity\AdventureRoomTest" file="/Users/elena/dbwebb-kurser/mvc/me/report/tests/Entity/AdventureRoomTest.php" tests="9" assertions="25" errors="0" warnings="0" failures="0" skipped="0" time="0.020802">
        <testcase name="testCreateObject" class="App\Entity\AdventureRoomTest" classname="App.Entity.AdventureRoomTest" file="/Users/elena/dbwebb-kurser/mvc/me/report/tests/Entity/AdventureRoomTest.php" line="28" assertions="2" time="0.004316"/>
        <testcase name="testGetAndSetName" class="App\Entity\AdventureRoomTest" classname="App.Entity.AdventureRoomTest" file="/Users/elena/dbwebb-kurser/mvc/me/report/tests/Entity/AdventureRoomTest.php" line="37" assertions="3" time="0.005833"/>
        <testcase name="testGetAndSetDescription" class="App\Entity\AdventureRoomTest" classname="App.Entity.AdventureRoomTest" file="/Users/elena/dbwebb-kurser/mvc/me/report/tests/Entity/AdventureRoomTest.php" line="49" assertions="3" time="0.002084"/>
        <testcase name="testGetAndSetImage" class="App\Entity\AdventureRoomTest" classname="App.Entity.AdventureRoomTest" file="/Users/elena/dbwebb-kurser/mvc/me/report/tests/Entity/AdventureRoomTest.php" line="70" assertions="2" time="0.002058"/>
        <testcase name="testGetAndSetNorth" class="App\Entity\AdventureRoomTest" classname="App.Entity.AdventureRoomTest" file="/Users/elena/dbwebb-kurser/mvc/me/report/tests/Entity/AdventureRoomTest.php" line="81" assertions="3" time="0.001403"/>
        <testcase name="testGetAndSetWest" class="App\Entity\AdventureRoomTest" classname="App.Entity.AdventureRoomTest" file="/Users/elena/dbwebb-kurser/mvc/me/report/tests/Entity/AdventureRoomTest.php" line="94" assertions="3" time="0.001351"/>
        <testcase name="testGetAndSetEast" class="App\Entity\AdventureRoomTest" classname="App.Entity.AdventureRoomTest" file="/Users/elena/dbwebb-kurser/mvc/me/report/tests/Entity/AdventureRoomTest.php" line="106" assertions="3" time="0.000764"/>
        <testcase name="testGetAndSetSouth" class="App\Entity\AdventureRoomTest" classname="App.Entity.AdventureRoomTest" file="/Users/elena/dbwebb-kurser/mvc/me/report/tests/Entity/AdventureRoomTest.php" line="118" assertions="3" time="0.001454"/>
        <testcase name="testGetAndSetInspect" class="App\Entity\AdventureRoomTest" classname="App.Entity.AdventureRoomTest" file="/Users/elena/dbwebb-kurser/mvc/me/report/tests/Entity/AdventureRoomTest.php" line="131" assertions="3" time="0.001539"/>
      </testsuite>
      <testsuite name="App\Entity\BookTest" file="/Users/elena/dbwebb-kurser/mvc/me/report/tests/Entity/BookTest.php" tests="5" assertions="6" errors="0" warnings="0" failures="0" skipped="0" time="0.010946">
        <testcase name="testCreateObject" class="App\Entity\BookTest" classname="App.Entity.BookTest" file="/Users/elena/dbwebb-kurser/mvc/me/report/tests/Entity/BookTest.php" line="28" assertions="2" time="0.003793"/>
        <testcase name="testGetAndSetIsbn" class="App\Entity\BookTest" classname="App.Entity.BookTest" file="/Users/elena/dbwebb-kurser/mvc/me/report/tests/Entity/BookTest.php" line="37" assertions="1" time="0.001250"/>
        <testcase name="testGetAndSetTitle" class="App\Entity\BookTest" classname="App.Entity.BookTest" file="/Users/elena/dbwebb-kurser/mvc/me/report/tests/Entity/BookTest.php" line="48" assertions="1" time="0.000733"/>
        <testcase name="testGetAndSetAuthor" class="App\Entity\BookTest" classname="App.Entity.BookTest" file="/Users/elena/dbwebb-kurser/mvc/me/report/tests/Entity/BookTest.php" line="59" assertions="1" time="0.004403"/>
        <testcase name="testGetAndSetImage" class="App\Entity\BookTest" classname="App.Entity.BookTest" file="/Users/elena/dbwebb-kurser/mvc/me/report/tests/Entity/BookTest.php" line="70" assertions="1" time="0.000767"/>
      </testsuite>
      <testsuite name="App\Entity\ProductTest" file="/Users/elena/dbwebb-kurser/mvc/me/report/tests/Entity/ProductTest.php" tests="3" assertions="6" errors="0" warnings="0" failures="0" skipped="0" time="0.016860">
        <testcase name="testCreateObject" class="App\Entity\ProductTest" classname="App.Entity.ProductTest" file="/Users/elena/dbwebb-kurser/mvc/me/report/tests/Entity/ProductTest.php" line="28" assertions="2" time="0.005866"/>
        <testcase name="testGetAndSetName" class="App\Entity\ProductTest" classname="App.Entity.ProductTest" file="/Users/elena/dbwebb-kurser/mvc/me/report/tests/Entity/ProductTest.php" line="37" assertions="2" time="0.010201"/>
        <testcase name="testGetAndSetValue" class="App\Entity\ProductTest" classname="App.Entity.ProductTest" file="/Users/elena/dbwebb-kurser/mvc/me/report/tests/Entity/ProductTest.php" line="48" assertions="2" time="0.000793"/>
      </testsuite>
      <testsuite name="App\Game21\BankTest" file="/Users/elena/dbwebb-kurser/mvc/me/report/tests/Game21/BankTest.php" tests="1" assertions="3" errors="0" warnings="0" failures="0" skipped="0" time="0.004663">
        <testcase name="testCreateObject" class="App\Game21\BankTest" classname="App.Game21.BankTest" file="/Users/elena/dbwebb-kurser/mvc/me/report/tests/Game21/BankTest.php" line="15" assertions="3" time="0.004663"/>
      </testsuite>
      <testsuite name="App\Game21\Game21Test" file="/Users/elena/dbwebb-kurser/mvc/me/report/tests/Game21/Game21Test.php" tests="4" assertions="16" errors="0" warnings="0" failures="0" skipped="0" time="0.020215">
        <testcase name="testCreateObject" class="App\Game21\Game21Test" classname="App.Game21.Game21Test" file="/Users/elena/dbwebb-kurser/mvc/me/report/tests/Game21/Game21Test.php" line="44" assertions="1" time="0.007118"/>
        <testcase name="testPlayerQueueInGame" class="App\Game21\Game21Test" classname="App.Game21.Game21Test" file="/Users/elena/dbwebb-kurser/mvc/me/report/tests/Game21/Game21Test.php" line="53" assertions="6" time="0.005565"/>
        <testcase name="testCurrentPlayerHandIsEmpty" class="App\Game21\Game21Test" classname="App.Game21.Game21Test" file="/Users/elena/dbwebb-kurser/mvc/me/report/tests/Game21/Game21Test.php" line="77" assertions="3" time="0.004156"/>
        <testcase name="testCardDeckInGame" class="App\Game21\Game21Test" classname="App.Game21.Game21Test" file="/Users/elena/dbwebb-kurser/mvc/me/report/tests/Game21/Game21Test.php" line="91" assertions="6" time="0.003377"/>
      </testsuite>
      <testsuite name="App\Game21\PlayerTest" file="/Users/elena/dbwebb-kurser/mvc/me/report/tests/Game21/PlayerTest.php" tests="6" assertions="18" errors="0" warnings="0" failures="0" skipped="0" time="0.017673">
        <testcase name="testCreateObject" class="App\Game21\PlayerTest" classname="App.Game21.PlayerTest" file="/Users/elena/dbwebb-kurser/mvc/me/report/tests/Game21/PlayerTest.php" line="42" assertions="3" time="0.001012"/>
        <testcase name="testMethodReturningHandCount" class="App\Game21\PlayerTest" classname="App.Game21.PlayerTest" file="/Users/elena/dbwebb-kurser/mvc/me/report/tests/Game21/PlayerTest.php" line="52" assertions="2" time="0.001186"/>
        <testcase name="testMethodAddCardToHand" class="App\Game21\PlayerTest" classname="App.Game21.PlayerTest" file="/Users/elena/dbwebb-kurser/mvc/me/report/tests/Game21/PlayerTest.php" line="61" assertions="1" time="0.006088"/>
        <testcase name="testMethodReturningCardHandAsString" class="App\Game21\PlayerTest" classname="App.Game21.PlayerTest" file="/Users/elena/dbwebb-kurser/mvc/me/report/tests/Game21/PlayerTest.php" line="76" assertions="4" time="0.001548"/>
        <testcase name="testMethodReturningCardHandValues" class="App\Game21\PlayerTest" classname="App.Game21.PlayerTest" file="/Users/elena/dbwebb-kurser/mvc/me/report/tests/Game21/PlayerTest.php" line="91" assertions="5" time="0.001786"/>
        <testcase name="testMethodReturningCardHandColors" class="App\Game21\PlayerTest" classname="App.Game21.PlayerTest" file="/Users/elena/dbwebb-kurser/mvc/me/report/tests/Game21/PlayerTest.php" line="107" assertions="3" time="0.006052"/>
      </testsuite>
      <testsuite name="App\Game21\Game21TestWinStatus" file="/Users/elena/dbwebb-kurser/mvc/me/report/tests/Game21/Game21TestWinStatus.php" tests="14" assertions="48" errors="0" warnings="0" failures="0" skipped="0" time="0.097795">
        <testcase name="testHandTotalWithAceLower" class="App\Game21\Game21TestWinStatus" classname="App.Game21.Game21TestWinStatus" file="/Users/elena/dbwebb-kurser/mvc/me/report/tests/Game21/Game21TestWinStatus.php" line="16" assertions="2" time="0.003696"/>
        <testcase name="testHandTotalWithAceGreater" class="App\Game21\Game21TestWinStatus" classname="App.Game21.Game21TestWinStatus" file="/Users/elena/dbwebb-kurser/mvc/me/report/tests/Game21/Game21TestWinStatus.php" line="39" assertions="2" time="0.002263"/>
        <testcase name="testHandTotalWithoutAceLower" class="App\Game21\Game21TestWinStatus" classname="App.Game21.Game21TestWinStatus" file="/Users/elena/dbwebb-kurser/mvc/me/report/tests/Game21/Game21TestWinStatus.php" line="62" assertions="2" time="0.003146"/>
        <testcase name="testHandTotalWithoutAceGreater" class="App\Game21\Game21TestWinStatus" classname="App.Game21.Game21TestWinStatus" file="/Users/elena/dbwebb-kurser/mvc/me/report/tests/Game21/Game21TestWinStatus.php" line="85" assertions="2" time="0.003633"/>
        <testcase name="testNoLoserStatusYet" class="App\Game21\Game21TestWinStatus" classname="App.Game21.Game21TestWinStatus" file="/Users/elena/dbwebb-kurser/mvc/me/report/tests/Game21/Game21TestWinStatus.php" line="108" assertions="4" time="0.006200"/>
        <testcase name="testPlayersHandTotalGreaterThan21" class="App\Game21\Game21TestWinStatus" classname="App.Game21.Game21TestWinStatus" file="/Users/elena/dbwebb-kurser/mvc/me/report/tests/Game21/Game21TestWinStatus.php" line="136" assertions="4" time="0.008936"/>
        <testcase name="testPlayersHandTotalCloserTo21" class="App\Game21\Game21TestWinStatus" classname="App.Game21.Game21TestWinStatus" file="/Users/elena/dbwebb-kurser/mvc/me/report/tests/Game21/Game21TestWinStatus.php" line="164" assertions="4" time="0.012166"/>
        <testcase name="testBanksHandTotalCloserTo21" class="App\Game21\Game21TestWinStatus" classname="App.Game21.Game21TestWinStatus" file="/Users/elena/dbwebb-kurser/mvc/me/report/tests/Game21/Game21TestWinStatus.php" line="200" assertions="4" time="0.005077"/>
        <testcase name="testBanksHandTotalGreaterThan21" class="App\Game21\Game21TestWinStatus" classname="App.Game21.Game21TestWinStatus" file="/Users/elena/dbwebb-kurser/mvc/me/report/tests/Game21/Game21TestWinStatus.php" line="236" assertions="4" time="0.002479"/>
        <testcase name="testHandTotalEqual" class="App\Game21\Game21TestWinStatus" classname="App.Game21.Game21TestWinStatus" file="/Users/elena/dbwebb-kurser/mvc/me/report/tests/Game21/Game21TestWinStatus.php" line="273" assertions="4" time="0.006667"/>
        <testcase name="testCreateObject" class="App\Game21\Game21TestWinStatus" classname="App.Game21.Game21TestWinStatus" file="/Users/elena/dbwebb-kurser/mvc/me/report/tests/Game21/Game21TestWinStatus.php" line="44" assertions="1" time="0.009809"/>
        <testcase name="testPlayerQueueInGame" class="App\Game21\Game21TestWinStatus" classname="App.Game21.Game21TestWinStatus" file="/Users/elena/dbwebb-kurser/mvc/me/report/tests/Game21/Game21TestWinStatus.php" line="53" assertions="6" time="0.013251"/>
        <testcase name="testCurrentPlayerHandIsEmpty" class="App\Game21\Game21TestWinStatus" classname="App.Game21.Game21TestWinStatus" file="/Users/elena/dbwebb-kurser/mvc/me/report/tests/Game21/Game21TestWinStatus.php" line="77" assertions="3" time="0.012351"/>
        <testcase name="testCardDeckInGame" class="App\Game21\Game21TestWinStatus" classname="App.Game21.Game21TestWinStatus" file="/Users/elena/dbwebb-kurser/mvc/me/report/tests/Game21/Game21TestWinStatus.php" line="91" assertions="6" time="0.008121"/>
      </testsuite>
    </testsuite>
  </testsuite>
</testsuites>
