<?xml version="1.0" encoding="UTF-8"?>
<testsuites>
  <testsuite name="" tests="67" assertions="207" errors="0" warnings="0" failures="0" skipped="0" time="0.355574">
    <testsuite name="all" tests="67" assertions="207" errors="0" warnings="0" failures="0" skipped="0" time="0.355574">
      <testsuite name="App\Card\CardCollectionTest" file="/Users/elena/dbwebb-kurser/mvc/me/report/tests/Card/CardCollectionTest.php" tests="8" assertions="30" errors="0" warnings="0" failures="0" skipped="0" time="0.034138">
        <testcase name="testCreateObjectNoArguments" class="App\Card\CardCollectionTest" classname="App.Card.CardCollectionTest" file="/Users/elena/dbwebb-kurser/mvc/me/report/tests/Card/CardCollectionTest.php" line="15" assertions="2" time="0.010435"/>
        <testcase name="testMethodAddCard" class="App\Card\CardCollectionTest" classname="App.Card.CardCollectionTest" file="/Users/elena/dbwebb-kurser/mvc/me/report/tests/Card/CardCollectionTest.php" line="26" assertions="1" time="0.003151"/>
        <testcase name="testMethodRemoveCard" class="App\Card\CardCollectionTest" classname="App.Card.CardCollectionTest" file="/Users/elena/dbwebb-kurser/mvc/me/report/tests/Card/CardCollectionTest.php" line="40" assertions="1" time="0.000830"/>
        <testcase name="testMethodReturningValues" class="App\Card\CardCollectionTest" classname="App.Card.CardCollectionTest" file="/Users/elena/dbwebb-kurser/mvc/me/report/tests/Card/CardCollectionTest.php" line="53" assertions="6" time="0.002423"/>
        <testcase name="testMethodReturningStrings" class="App\Card\CardCollectionTest" classname="App.Card.CardCollectionTest" file="/Users/elena/dbwebb-kurser/mvc/me/report/tests/Card/CardCollectionTest.php" line="77" assertions="5" time="0.001627"/>
        <testcase name="testMethodReturningColors" class="App\Card\CardCollectionTest" classname="App.Card.CardCollectionTest" file="/Users/elena/dbwebb-kurser/mvc/me/report/tests/Card/CardCollectionTest.php" line="100" assertions="5" time="0.002040"/>
        <testcase name="testMethodShuffle" class="App\Card\CardCollectionTest" classname="App.Card.CardCollectionTest" file="/Users/elena/dbwebb-kurser/mvc/me/report/tests/Card/CardCollectionTest.php" line="123" assertions="2" time="0.003428"/>
        <testcase name="testMethodDraw" class="App\Card\CardCollectionTest" classname="App.Card.CardCollectionTest" file="/Users/elena/dbwebb-kurser/mvc/me/report/tests/Card/CardCollectionTest.php" line="149" assertions="8" time="0.010204"/>
      </testsuite>
      <testsuite name="App\Card\CardGraphicTest" file="/Users/elena/dbwebb-kurser/mvc/me/report/tests/Card/CardGraphicTest.php" tests="2" assertions="9" errors="0" warnings="0" failures="0" skipped="0" time="0.018202">
        <testcase name="testCreateObjectNoArguments" class="App\Card\CardGraphicTest" classname="App.Card.CardGraphicTest" file="/Users/elena/dbwebb-kurser/mvc/me/report/tests/Card/CardGraphicTest.php" line="15" assertions="7" time="0.007089"/>
        <testcase name="testMethodReturningCardAsString" class="App\Card\CardGraphicTest" classname="App.Card.CardGraphicTest" file="/Users/elena/dbwebb-kurser/mvc/me/report/tests/Card/CardGraphicTest.php" line="30" assertions="2" time="0.011114"/>
      </testsuite>
      <testsuite name="App\Card\CardTest" file="/Users/elena/dbwebb-kurser/mvc/me/report/tests/Card/CardTest.php" tests="6" assertions="27" errors="0" warnings="0" failures="0" skipped="0" time="0.018198">
        <testcase name="testCreateObjectNoArguments" class="App\Card\CardTest" classname="App.Card.CardTest" file="/Users/elena/dbwebb-kurser/mvc/me/report/tests/Card/CardTest.php" line="15" assertions="7" time="0.001069"/>
        <testcase name="testCreateObjectWithArguments" class="App\Card\CardTest" classname="App.Card.CardTest" file="/Users/elena/dbwebb-kurser/mvc/me/report/tests/Card/CardTest.php" line="30" assertions="9" time="0.001413"/>
        <testcase name="testMethodReturningCardValue" class="App\Card\CardTest" classname="App.Card.CardTest" file="/Users/elena/dbwebb-kurser/mvc/me/report/tests/Card/CardTest.php" line="50" assertions="6" time="0.010154"/>
        <testcase name="testMethodReturningCardValuesAsString" class="App\Card\CardTest" classname="App.Card.CardTest" file="/Users/elena/dbwebb-kurser/mvc/me/report/tests/Card/CardTest.php" line="87" assertions="2" time="0.001545"/>
        <testcase name="testMethodReturningCardColor" class="App\Card\CardTest" classname="App.Card.CardTest" file="/Users/elena/dbwebb-kurser/mvc/me/report/tests/Card/CardTest.php" line="102" assertions="2" time="0.002809"/>
        <testcase name="testMethodDraw" class="App\Card\CardTest" classname="App.Card.CardTest" file="/Users/elena/dbwebb-kurser/mvc/me/report/tests/Card/CardTest.php" line="122" assertions="1" time="0.001208"/>
      </testsuite>
      <testsuite name="App\Card\DeckOfCardsTest" file="/Users/elena/dbwebb-kurser/mvc/me/report/tests/Card/DeckOfCardsTest.php" tests="3" assertions="3" errors="0" warnings="0" failures="0" skipped="0" time="0.015283">
        <testcase name="testCreateObjectNoArguments" class="App\Card\DeckOfCardsTest" classname="App.Card.DeckOfCardsTest" file="/Users/elena/dbwebb-kurser/mvc/me/report/tests/Card/DeckOfCardsTest.php" line="32" assertions="1" time="0.006397"/>
        <testcase name="testCompleteDeck" class="App\Card\DeckOfCardsTest" classname="App.Card.DeckOfCardsTest" file="/Users/elena/dbwebb-kurser/mvc/me/report/tests/Card/DeckOfCardsTest.php" line="41" assertions="1" time="0.005881"/>
        <testcase name="testIncompleteDeck" class="App\Card\DeckOfCardsTest" classname="App.Card.DeckOfCardsTest" file="/Users/elena/dbwebb-kurser/mvc/me/report/tests/Card/DeckOfCardsTest.php" line="49" assertions="1" time="0.003006"/>
      </testsuite>
      <testsuite name="App\Entity\AdventureItemsTest" file="/Users/elena/dbwebb-kurser/mvc/me/report/tests/Entity/AdventureItemsTest.php" tests="6" assertions="16" errors="0" warnings="0" failures="0" skipped="0" time="0.011586">
        <testcase name="testCreateObject" class="App\Entity\AdventureItemsTest" classname="App.Entity.AdventureItemsTest" file="/Users/elena/dbwebb-kurser/mvc/me/report/tests/Entity/AdventureItemsTest.php" line="28" assertions="2" time="0.003035"/>
        <testcase name="testGetAndSetName" class="App\Entity\AdventureItemsTest" classname="App.Entity.AdventureItemsTest" file="/Users/elena/dbwebb-kurser/mvc/me/report/tests/Entity/AdventureItemsTest.php" line="37" assertions="3" time="0.000870"/>
        <testcase name="testGetAndSetDescription" class="App\Entity\AdventureItemsTest" classname="App.Entity.AdventureItemsTest" file="/Users/elena/dbwebb-kurser/mvc/me/report/tests/Entity/AdventureItemsTest.php" line="49" assertions="2" time="0.002606"/>
        <testcase name="testGetAndSetsPrice" class="App\Entity\AdventureItemsTest" classname="App.Entity.AdventureItemsTest" file="/Users/elena/dbwebb-kurser/mvc/me/report/tests/Entity/AdventureItemsTest.php" line="68" assertions="4" time="0.002231"/>
        <testcase name="testGetAndSetsImage" class="App\Entity\AdventureItemsTest" classname="App.Entity.AdventureItemsTest" file="/Users/elena/dbwebb-kurser/mvc/me/report/tests/Entity/AdventureItemsTest.php" line="83" assertions="2" time="0.001281"/>
        <testcase name="testGetAndSetsRoom" class="App\Entity\AdventureItemsTest" classname="App.Entity.AdventureItemsTest" file="/Users/elena/dbwebb-kurser/mvc/me/report/tests/Entity/AdventureItemsTest.php" line="94" assertions="3" time="0.001563"/>
      </testsuite>
      <testsuite name="App\Entity\AdventureRoomTest" file="/Users/elena/dbwebb-kurser/mvc/me/report/tests/Entity/AdventureRoomTest.php" tests="9" assertions="25" errors="0" warnings="0" failures="0" skipped="0" time="0.028606">
        <testcase name="testCreateObject" class="App\Entity\AdventureRoomTest" classname="App.Entity.AdventureRoomTest" file="/Users/elena/dbwebb-kurser/mvc/me/report/tests/Entity/AdventureRoomTest.php" line="28" assertions="2" time="0.006425"/>
        <testcase name="testGetAndSetName" class="App\Entity\AdventureRoomTest" classname="App.Entity.AdventureRoomTest" file="/Users/elena/dbwebb-kurser/mvc/me/report/tests/Entity/AdventureRoomTest.php" line="37" assertions="3" time="0.001542"/>
        <testcase name="testGetAndSetDescription" class="App\Entity\AdventureRoomTest" classname="App.Entity.AdventureRoomTest" file="/Users/elena/dbwebb-kurser/mvc/me/report/tests/Entity/AdventureRoomTest.php" line="49" assertions="3" time="0.001292"/>
        <testcase name="testGetAndSetImage" class="App\Entity\AdventureRoomTest" classname="App.Entity.AdventureRoomTest" file="/Users/elena/dbwebb-kurser/mvc/me/report/tests/Entity/AdventureRoomTest.php" line="70" assertions="2" time="0.004572"/>
        <testcase name="testGetAndSetNorth" class="App\Entity\AdventureRoomTest" classname="App.Entity.AdventureRoomTest" file="/Users/elena/dbwebb-kurser/mvc/me/report/tests/Entity/AdventureRoomTest.php" line="81" assertions="3" time="0.006253"/>
        <testcase name="testGetAndSetWest" class="App\Entity\AdventureRoomTest" classname="App.Entity.AdventureRoomTest" file="/Users/elena/dbwebb-kurser/mvc/me/report/tests/Entity/AdventureRoomTest.php" line="94" assertions="3" time="0.001740"/>
        <testcase name="testGetAndSetEast" class="App\Entity\AdventureRoomTest" classname="App.Entity.AdventureRoomTest" file="/Users/elena/dbwebb-kurser/mvc/me/report/tests/Entity/AdventureRoomTest.php" line="106" assertions="3" time="0.000795"/>
        <testcase name="testGetAndSetSouth" class="App\Entity\AdventureRoomTest" classname="App.Entity.AdventureRoomTest" file="/Users/elena/dbwebb-kurser/mvc/me/report/tests/Entity/AdventureRoomTest.php" line="118" assertions="3" time="0.004400"/>
        <testcase name="testGetAndSetInspect" class="App\Entity\AdventureRoomTest" classname="App.Entity.AdventureRoomTest" file="/Users/elena/dbwebb-kurser/mvc/me/report/tests/Entity/AdventureRoomTest.php" line="131" assertions="3" time="0.001588"/>
      </testsuite>
      <testsuite name="App\Entity\BookTest" file="/Users/elena/dbwebb-kurser/mvc/me/report/tests/Entity/BookTest.php" tests="5" assertions="6" errors="0" warnings="0" failures="0" skipped="0" time="0.021950">
        <testcase name="testCreateObject" class="App\Entity\BookTest" classname="App.Entity.BookTest" file="/Users/elena/dbwebb-kurser/mvc/me/report/tests/Entity/BookTest.php" line="28" assertions="2" time="0.007024"/>
        <testcase name="testGetAndSetIsbn" class="App\Entity\BookTest" classname="App.Entity.BookTest" file="/Users/elena/dbwebb-kurser/mvc/me/report/tests/Entity/BookTest.php" line="37" assertions="1" time="0.000749"/>
        <testcase name="testGetAndSetTitle" class="App\Entity\BookTest" classname="App.Entity.BookTest" file="/Users/elena/dbwebb-kurser/mvc/me/report/tests/Entity/BookTest.php" line="48" assertions="1" time="0.004385"/>
        <testcase name="testGetAndSetAuthor" class="App\Entity\BookTest" classname="App.Entity.BookTest" file="/Users/elena/dbwebb-kurser/mvc/me/report/tests/Entity/BookTest.php" line="59" assertions="1" time="0.004394"/>
        <testcase name="testGetAndSetImage" class="App\Entity\BookTest" classname="App.Entity.BookTest" file="/Users/elena/dbwebb-kurser/mvc/me/report/tests/Entity/BookTest.php" line="70" assertions="1" time="0.005397"/>
      </testsuite>
      <testsuite name="App\Entity\ProductTest" file="/Users/elena/dbwebb-kurser/mvc/me/report/tests/Entity/ProductTest.php" tests="3" assertions="6" errors="0" warnings="0" failures="0" skipped="0" time="0.021694">
        <testcase name="testCreateObject" class="App\Entity\ProductTest" classname="App.Entity.ProductTest" file="/Users/elena/dbwebb-kurser/mvc/me/report/tests/Entity/ProductTest.php" line="28" assertions="2" time="0.018255"/>
        <testcase name="testGetAndSetName" class="App\Entity\ProductTest" classname="App.Entity.ProductTest" file="/Users/elena/dbwebb-kurser/mvc/me/report/tests/Entity/ProductTest.php" line="37" assertions="2" time="0.002698"/>
        <testcase name="testGetAndSetValue" class="App\Entity\ProductTest" classname="App.Entity.ProductTest" file="/Users/elena/dbwebb-kurser/mvc/me/report/tests/Entity/ProductTest.php" line="48" assertions="2" time="0.000741"/>
      </testsuite>
      <testsuite name="App\Game21\BankTest" file="/Users/elena/dbwebb-kurser/mvc/me/report/tests/Game21/BankTest.php" tests="1" assertions="3" errors="0" warnings="0" failures="0" skipped="0" time="0.004332">
        <testcase name="testCreateObject" class="App\Game21\BankTest" classname="App.Game21.BankTest" file="/Users/elena/dbwebb-kurser/mvc/me/report/tests/Game21/BankTest.php" line="15" assertions="3" time="0.004332"/>
      </testsuite>
      <testsuite name="App\Game21\Game21Test" file="/Users/elena/dbwebb-kurser/mvc/me/report/tests/Game21/Game21Test.php" tests="4" assertions="16" errors="0" warnings="0" failures="0" skipped="0" time="0.024179">
        <testcase name="testCreateObject" class="App\Game21\Game21Test" classname="App.Game21.Game21Test" file="/Users/elena/dbwebb-kurser/mvc/me/report/tests/Game21/Game21Test.php" line="44" assertions="1" time="0.006515"/>
        <testcase name="testPlayerQueueInGame" class="App\Game21\Game21Test" classname="App.Game21.Game21Test" file="/Users/elena/dbwebb-kurser/mvc/me/report/tests/Game21/Game21Test.php" line="53" assertions="6" time="0.005713"/>
        <testcase name="testCurrentPlayerHandIsEmpty" class="App\Game21\Game21Test" classname="App.Game21.Game21Test" file="/Users/elena/dbwebb-kurser/mvc/me/report/tests/Game21/Game21Test.php" line="77" assertions="3" time="0.009859"/>
        <testcase name="testCardDeckInGame" class="App\Game21\Game21Test" classname="App.Game21.Game21Test" file="/Users/elena/dbwebb-kurser/mvc/me/report/tests/Game21/Game21Test.php" line="91" assertions="6" time="0.002092"/>
      </testsuite>
      <testsuite name="App\Game21\PlayerTest" file="/Users/elena/dbwebb-kurser/mvc/me/report/tests/Game21/PlayerTest.php" tests="6" assertions="18" errors="0" warnings="0" failures="0" skipped="0" time="0.013388">
        <testcase name="testCreateObject" class="App\Game21\PlayerTest" classname="App.Game21.PlayerTest" file="/Users/elena/dbwebb-kurser/mvc/me/report/tests/Game21/PlayerTest.php" line="42" assertions="3" time="0.001547"/>
        <testcase name="testMethodReturningHandCount" class="App\Game21\PlayerTest" classname="App.Game21.PlayerTest" file="/Users/elena/dbwebb-kurser/mvc/me/report/tests/Game21/PlayerTest.php" line="52" assertions="2" time="0.001501"/>
        <testcase name="testMethodAddCardToHand" class="App\Game21\PlayerTest" classname="App.Game21.PlayerTest" file="/Users/elena/dbwebb-kurser/mvc/me/report/tests/Game21/PlayerTest.php" line="61" assertions="1" time="0.001959"/>
        <testcase name="testMethodReturningCardHandAsString" class="App\Game21\PlayerTest" classname="App.Game21.PlayerTest" file="/Users/elena/dbwebb-kurser/mvc/me/report/tests/Game21/PlayerTest.php" line="76" assertions="4" time="0.003399"/>
        <testcase name="testMethodReturningCardHandValues" class="App\Game21\PlayerTest" classname="App.Game21.PlayerTest" file="/Users/elena/dbwebb-kurser/mvc/me/report/tests/Game21/PlayerTest.php" line="91" assertions="5" time="0.000942"/>
        <testcase name="testMethodReturningCardHandColors" class="App\Game21\PlayerTest" classname="App.Game21.PlayerTest" file="/Users/elena/dbwebb-kurser/mvc/me/report/tests/Game21/PlayerTest.php" line="107" assertions="3" time="0.004040"/>
      </testsuite>
      <testsuite name="App\Game21\Game21TestWinStatus" file="/Users/elena/dbwebb-kurser/mvc/me/report/tests/Game21/Game21TestWinStatus.php" tests="14" assertions="48" errors="0" warnings="0" failures="0" skipped="0" time="0.144018">
        <testcase name="testHandTotalWithAceLower" class="App\Game21\Game21TestWinStatus" classname="App.Game21.Game21TestWinStatus" file="/Users/elena/dbwebb-kurser/mvc/me/report/tests/Game21/Game21TestWinStatus.php" line="16" assertions="2" time="0.014601"/>
        <testcase name="testHandTotalWithAceGreater" class="App\Game21\Game21TestWinStatus" classname="App.Game21.Game21TestWinStatus" file="/Users/elena/dbwebb-kurser/mvc/me/report/tests/Game21/Game21TestWinStatus.php" line="39" assertions="2" time="0.001797"/>
        <testcase name="testHandTotalWithoutAceLower" class="App\Game21\Game21TestWinStatus" classname="App.Game21.Game21TestWinStatus" file="/Users/elena/dbwebb-kurser/mvc/me/report/tests/Game21/Game21TestWinStatus.php" line="62" assertions="2" time="0.011947"/>
        <testcase name="testHandTotalWithoutAceGreater" class="App\Game21\Game21TestWinStatus" classname="App.Game21.Game21TestWinStatus" file="/Users/elena/dbwebb-kurser/mvc/me/report/tests/Game21/Game21TestWinStatus.php" line="85" assertions="2" time="0.001785"/>
        <testcase name="testNoLoserStatusYet" class="App\Game21\Game21TestWinStatus" classname="App.Game21.Game21TestWinStatus" file="/Users/elena/dbwebb-kurser/mvc/me/report/tests/Game21/Game21TestWinStatus.php" line="108" assertions="4" time="0.021642"/>
        <testcase name="testPlayersHandTotalGreaterThan21" class="App\Game21\Game21TestWinStatus" classname="App.Game21.Game21TestWinStatus" file="/Users/elena/dbwebb-kurser/mvc/me/report/tests/Game21/Game21TestWinStatus.php" line="136" assertions="4" time="0.004162"/>
        <testcase name="testPlayersHandTotalCloserTo21" class="App\Game21\Game21TestWinStatus" classname="App.Game21.Game21TestWinStatus" file="/Users/elena/dbwebb-kurser/mvc/me/report/tests/Game21/Game21TestWinStatus.php" line="164" assertions="4" time="0.047380"/>
        <testcase name="testBanksHandTotalCloserTo21" class="App\Game21\Game21TestWinStatus" classname="App.Game21.Game21TestWinStatus" file="/Users/elena/dbwebb-kurser/mvc/me/report/tests/Game21/Game21TestWinStatus.php" line="200" assertions="4" time="0.004632"/>
        <testcase name="testBanksHandTotalGreaterThan21" class="App\Game21\Game21TestWinStatus" classname="App.Game21.Game21TestWinStatus" file="/Users/elena/dbwebb-kurser/mvc/me/report/tests/Game21/Game21TestWinStatus.php" line="236" assertions="4" time="0.002652"/>
        <testcase name="testHandTotalEqual" class="App\Game21\Game21TestWinStatus" classname="App.Game21.Game21TestWinStatus" file="/Users/elena/dbwebb-kurser/mvc/me/report/tests/Game21/Game21TestWinStatus.php" line="273" assertions="4" time="0.005692"/>
        <testcase name="testCreateObject" class="App\Game21\Game21TestWinStatus" classname="App.Game21.Game21TestWinStatus" file="/Users/elena/dbwebb-kurser/mvc/me/report/tests/Game21/Game21TestWinStatus.php" line="44" assertions="1" time="0.001684"/>
        <testcase name="testPlayerQueueInGame" class="App\Game21\Game21TestWinStatus" classname="App.Game21.Game21TestWinStatus" file="/Users/elena/dbwebb-kurser/mvc/me/report/tests/Game21/Game21TestWinStatus.php" line="53" assertions="6" time="0.005514"/>
        <testcase name="testCurrentPlayerHandIsEmpty" class="App\Game21\Game21TestWinStatus" classname="App.Game21.Game21TestWinStatus" file="/Users/elena/dbwebb-kurser/mvc/me/report/tests/Game21/Game21TestWinStatus.php" line="77" assertions="3" time="0.004253"/>
        <testcase name="testCardDeckInGame" class="App\Game21\Game21TestWinStatus" classname="App.Game21.Game21TestWinStatus" file="/Users/elena/dbwebb-kurser/mvc/me/report/tests/Game21/Game21TestWinStatus.php" line="91" assertions="6" time="0.016276"/>
      </testsuite>
    </testsuite>
  </testsuite>
</testsuites>
