<?xml version="1.0" encoding="UTF-8"?>
<testsuites>
  <testsuite name="" tests="52" assertions="167" errors="0" warnings="0" failures="0" skipped="0" time="0.215682">
    <testsuite name="all" tests="52" assertions="167" errors="0" warnings="0" failures="0" skipped="0" time="0.215682">
      <testsuite name="App\Card\CardCollectionTest" file="/Users/elena/dbwebb-kurser/mvc/me/report/tests/Card/CardCollectionTest.php" tests="8" assertions="31" errors="0" warnings="0" failures="0" skipped="0" time="0.027975">
        <testcase name="testCreateObjectNoArguments" class="App\Card\CardCollectionTest" classname="App.Card.CardCollectionTest" file="/Users/elena/dbwebb-kurser/mvc/me/report/tests/Card/CardCollectionTest.php" line="15" assertions="2" time="0.009938"/>
        <testcase name="testMethodAddCard" class="App\Card\CardCollectionTest" classname="App.Card.CardCollectionTest" file="/Users/elena/dbwebb-kurser/mvc/me/report/tests/Card/CardCollectionTest.php" line="26" assertions="1" time="0.001164"/>
        <testcase name="testMethodRemoveCard" class="App\Card\CardCollectionTest" classname="App.Card.CardCollectionTest" file="/Users/elena/dbwebb-kurser/mvc/me/report/tests/Card/CardCollectionTest.php" line="40" assertions="1" time="0.000834"/>
        <testcase name="testMethodReturningValues" class="App\Card\CardCollectionTest" classname="App.Card.CardCollectionTest" file="/Users/elena/dbwebb-kurser/mvc/me/report/tests/Card/CardCollectionTest.php" line="53" assertions="6" time="0.003107"/>
        <testcase name="testMethodReturningStrings" class="App\Card\CardCollectionTest" classname="App.Card.CardCollectionTest" file="/Users/elena/dbwebb-kurser/mvc/me/report/tests/Card/CardCollectionTest.php" line="77" assertions="5" time="0.005201"/>
        <testcase name="testMethodReturningColors" class="App\Card\CardCollectionTest" classname="App.Card.CardCollectionTest" file="/Users/elena/dbwebb-kurser/mvc/me/report/tests/Card/CardCollectionTest.php" line="100" assertions="5" time="0.002289"/>
        <testcase name="testMethodShuffle" class="App\Card\CardCollectionTest" classname="App.Card.CardCollectionTest" file="/Users/elena/dbwebb-kurser/mvc/me/report/tests/Card/CardCollectionTest.php" line="123" assertions="3" time="0.002229"/>
        <testcase name="testMethodDraw" class="App\Card\CardCollectionTest" classname="App.Card.CardCollectionTest" file="/Users/elena/dbwebb-kurser/mvc/me/report/tests/Card/CardCollectionTest.php" line="149" assertions="8" time="0.003213"/>
      </testsuite>
      <testsuite name="App\Card\CardGraphicTest" file="/Users/elena/dbwebb-kurser/mvc/me/report/tests/Card/CardGraphicTest.php" tests="2" assertions="9" errors="0" warnings="0" failures="0" skipped="0" time="0.002932">
        <testcase name="testCreateObjectNoArguments" class="App\Card\CardGraphicTest" classname="App.Card.CardGraphicTest" file="/Users/elena/dbwebb-kurser/mvc/me/report/tests/Card/CardGraphicTest.php" line="15" assertions="7" time="0.001308"/>
        <testcase name="testMethodReturningCardAsString" class="App\Card\CardGraphicTest" classname="App.Card.CardGraphicTest" file="/Users/elena/dbwebb-kurser/mvc/me/report/tests/Card/CardGraphicTest.php" line="30" assertions="2" time="0.001624"/>
      </testsuite>
      <testsuite name="App\Card\CardTest" file="/Users/elena/dbwebb-kurser/mvc/me/report/tests/Card/CardTest.php" tests="6" assertions="27" errors="0" warnings="0" failures="0" skipped="0" time="0.014991">
        <testcase name="testCreateObjectNoArguments" class="App\Card\CardTest" classname="App.Card.CardTest" file="/Users/elena/dbwebb-kurser/mvc/me/report/tests/Card/CardTest.php" line="15" assertions="7" time="0.002996"/>
        <testcase name="testCreateObjectWithArguments" class="App\Card\CardTest" classname="App.Card.CardTest" file="/Users/elena/dbwebb-kurser/mvc/me/report/tests/Card/CardTest.php" line="30" assertions="9" time="0.002143"/>
        <testcase name="testMethodReturningCardValue" class="App\Card\CardTest" classname="App.Card.CardTest" file="/Users/elena/dbwebb-kurser/mvc/me/report/tests/Card/CardTest.php" line="50" assertions="6" time="0.001050"/>
        <testcase name="testMethodReturningCardValuesAsString" class="App\Card\CardTest" classname="App.Card.CardTest" file="/Users/elena/dbwebb-kurser/mvc/me/report/tests/Card/CardTest.php" line="87" assertions="2" time="0.005627"/>
        <testcase name="testMethodReturningCardColor" class="App\Card\CardTest" classname="App.Card.CardTest" file="/Users/elena/dbwebb-kurser/mvc/me/report/tests/Card/CardTest.php" line="102" assertions="2" time="0.000755"/>
        <testcase name="testMethodDraw" class="App\Card\CardTest" classname="App.Card.CardTest" file="/Users/elena/dbwebb-kurser/mvc/me/report/tests/Card/CardTest.php" line="122" assertions="1" time="0.002421"/>
      </testsuite>
      <testsuite name="App\Card\DeckOfCardsTest" file="/Users/elena/dbwebb-kurser/mvc/me/report/tests/Card/DeckOfCardsTest.php" tests="3" assertions="3" errors="0" warnings="0" failures="0" skipped="0" time="0.015812">
        <testcase name="testCreateObjectNoArguments" class="App\Card\DeckOfCardsTest" classname="App.Card.DeckOfCardsTest" file="/Users/elena/dbwebb-kurser/mvc/me/report/tests/Card/DeckOfCardsTest.php" line="32" assertions="1" time="0.004520"/>
        <testcase name="testCompleteDeck" class="App\Card\DeckOfCardsTest" classname="App.Card.DeckOfCardsTest" file="/Users/elena/dbwebb-kurser/mvc/me/report/tests/Card/DeckOfCardsTest.php" line="41" assertions="1" time="0.006279"/>
        <testcase name="testIncompleteDeck" class="App\Card\DeckOfCardsTest" classname="App.Card.DeckOfCardsTest" file="/Users/elena/dbwebb-kurser/mvc/me/report/tests/Card/DeckOfCardsTest.php" line="49" assertions="1" time="0.005013"/>
      </testsuite>
      <testsuite name="App\Entity\BookTest" file="/Users/elena/dbwebb-kurser/mvc/me/report/tests/Entity/BookTest.php" tests="5" assertions="6" errors="0" warnings="0" failures="0" skipped="0" time="0.027558">
        <testcase name="testCreateObject" class="App\Entity\BookTest" classname="App.Entity.BookTest" file="/Users/elena/dbwebb-kurser/mvc/me/report/tests/Entity/BookTest.php" line="28" assertions="2" time="0.005736"/>
        <testcase name="testGetAndSetIsbn" class="App\Entity\BookTest" classname="App.Entity.BookTest" file="/Users/elena/dbwebb-kurser/mvc/me/report/tests/Entity/BookTest.php" line="37" assertions="1" time="0.010230"/>
        <testcase name="testGetAndSetTitle" class="App\Entity\BookTest" classname="App.Entity.BookTest" file="/Users/elena/dbwebb-kurser/mvc/me/report/tests/Entity/BookTest.php" line="48" assertions="1" time="0.003962"/>
        <testcase name="testGetAndSetAuthor" class="App\Entity\BookTest" classname="App.Entity.BookTest" file="/Users/elena/dbwebb-kurser/mvc/me/report/tests/Entity/BookTest.php" line="59" assertions="1" time="0.006139"/>
        <testcase name="testGetAndSetImage" class="App\Entity\BookTest" classname="App.Entity.BookTest" file="/Users/elena/dbwebb-kurser/mvc/me/report/tests/Entity/BookTest.php" line="70" assertions="1" time="0.001491"/>
      </testsuite>
      <testsuite name="App\Entity\ProductTest" file="/Users/elena/dbwebb-kurser/mvc/me/report/tests/Entity/ProductTest.php" tests="3" assertions="6" errors="0" warnings="0" failures="0" skipped="0" time="0.004189">
        <testcase name="testCreateObject" class="App\Entity\ProductTest" classname="App.Entity.ProductTest" file="/Users/elena/dbwebb-kurser/mvc/me/report/tests/Entity/ProductTest.php" line="28" assertions="2" time="0.001008"/>
        <testcase name="testGetAndSetName" class="App\Entity\ProductTest" classname="App.Entity.ProductTest" file="/Users/elena/dbwebb-kurser/mvc/me/report/tests/Entity/ProductTest.php" line="37" assertions="2" time="0.001685"/>
        <testcase name="testGetAndSetValue" class="App\Entity\ProductTest" classname="App.Entity.ProductTest" file="/Users/elena/dbwebb-kurser/mvc/me/report/tests/Entity/ProductTest.php" line="48" assertions="2" time="0.001496"/>
      </testsuite>
      <testsuite name="App\Game21\BankTest" file="/Users/elena/dbwebb-kurser/mvc/me/report/tests/Game21/BankTest.php" tests="1" assertions="3" errors="0" warnings="0" failures="0" skipped="0" time="0.001059">
        <testcase name="testCreateObject" class="App\Game21\BankTest" classname="App.Game21.BankTest" file="/Users/elena/dbwebb-kurser/mvc/me/report/tests/Game21/BankTest.php" line="15" assertions="3" time="0.001059"/>
      </testsuite>
      <testsuite name="App\Game21\Game21Test" file="/Users/elena/dbwebb-kurser/mvc/me/report/tests/Game21/Game21Test.php" tests="4" assertions="16" errors="0" warnings="0" failures="0" skipped="0" time="0.029166">
        <testcase name="testCreateObject" class="App\Game21\Game21Test" classname="App.Game21.Game21Test" file="/Users/elena/dbwebb-kurser/mvc/me/report/tests/Game21/Game21Test.php" line="44" assertions="1" time="0.002486"/>
        <testcase name="testPlayerQueueInGame" class="App\Game21\Game21Test" classname="App.Game21.Game21Test" file="/Users/elena/dbwebb-kurser/mvc/me/report/tests/Game21/Game21Test.php" line="53" assertions="6" time="0.014400"/>
        <testcase name="testCurrentPlayerHandIsEmpty" class="App\Game21\Game21Test" classname="App.Game21.Game21Test" file="/Users/elena/dbwebb-kurser/mvc/me/report/tests/Game21/Game21Test.php" line="77" assertions="3" time="0.007867"/>
        <testcase name="testCardDeckInGame" class="App\Game21\Game21Test" classname="App.Game21.Game21Test" file="/Users/elena/dbwebb-kurser/mvc/me/report/tests/Game21/Game21Test.php" line="91" assertions="6" time="0.004413"/>
      </testsuite>
      <testsuite name="App\Game21\PlayerTest" file="/Users/elena/dbwebb-kurser/mvc/me/report/tests/Game21/PlayerTest.php" tests="6" assertions="18" errors="0" warnings="0" failures="0" skipped="0" time="0.027626">
        <testcase name="testCreateObject" class="App\Game21\PlayerTest" classname="App.Game21.PlayerTest" file="/Users/elena/dbwebb-kurser/mvc/me/report/tests/Game21/PlayerTest.php" line="42" assertions="3" time="0.001335"/>
        <testcase name="testMethodReturningHandCount" class="App\Game21\PlayerTest" classname="App.Game21.PlayerTest" file="/Users/elena/dbwebb-kurser/mvc/me/report/tests/Game21/PlayerTest.php" line="52" assertions="2" time="0.013478"/>
        <testcase name="testMethodAddCardToHand" class="App\Game21\PlayerTest" classname="App.Game21.PlayerTest" file="/Users/elena/dbwebb-kurser/mvc/me/report/tests/Game21/PlayerTest.php" line="61" assertions="1" time="0.001273"/>
        <testcase name="testMethodReturningCardHandAsString" class="App\Game21\PlayerTest" classname="App.Game21.PlayerTest" file="/Users/elena/dbwebb-kurser/mvc/me/report/tests/Game21/PlayerTest.php" line="76" assertions="4" time="0.008816"/>
        <testcase name="testMethodReturningCardHandValues" class="App\Game21\PlayerTest" classname="App.Game21.PlayerTest" file="/Users/elena/dbwebb-kurser/mvc/me/report/tests/Game21/PlayerTest.php" line="91" assertions="5" time="0.001780"/>
        <testcase name="testMethodReturningCardHandColors" class="App\Game21\PlayerTest" classname="App.Game21.PlayerTest" file="/Users/elena/dbwebb-kurser/mvc/me/report/tests/Game21/PlayerTest.php" line="107" assertions="3" time="0.000945"/>
      </testsuite>
      <testsuite name="App\Game21\Game21TestWinStatus" file="/Users/elena/dbwebb-kurser/mvc/me/report/tests/Game21/Game21TestWinStatus.php" tests="14" assertions="48" errors="0" warnings="0" failures="0" skipped="0" time="0.064374">
        <testcase name="testHandTotalWithAceLower" class="App\Game21\Game21TestWinStatus" classname="App.Game21.Game21TestWinStatus" file="/Users/elena/dbwebb-kurser/mvc/me/report/tests/Game21/Game21TestWinStatus.php" line="16" assertions="2" time="0.001764"/>
        <testcase name="testHandTotalWithAceGreater" class="App\Game21\Game21TestWinStatus" classname="App.Game21.Game21TestWinStatus" file="/Users/elena/dbwebb-kurser/mvc/me/report/tests/Game21/Game21TestWinStatus.php" line="39" assertions="2" time="0.007130"/>
        <testcase name="testHandTotalWithoutAceLower" class="App\Game21\Game21TestWinStatus" classname="App.Game21.Game21TestWinStatus" file="/Users/elena/dbwebb-kurser/mvc/me/report/tests/Game21/Game21TestWinStatus.php" line="62" assertions="2" time="0.003873"/>
        <testcase name="testHandTotalWithoutAceGreater" class="App\Game21\Game21TestWinStatus" classname="App.Game21.Game21TestWinStatus" file="/Users/elena/dbwebb-kurser/mvc/me/report/tests/Game21/Game21TestWinStatus.php" line="85" assertions="2" time="0.006948"/>
        <testcase name="testNoLoserStatusYet" class="App\Game21\Game21TestWinStatus" classname="App.Game21.Game21TestWinStatus" file="/Users/elena/dbwebb-kurser/mvc/me/report/tests/Game21/Game21TestWinStatus.php" line="108" assertions="4" time="0.003157"/>
        <testcase name="testPlayersHandTotalGreaterThan21" class="App\Game21\Game21TestWinStatus" classname="App.Game21.Game21TestWinStatus" file="/Users/elena/dbwebb-kurser/mvc/me/report/tests/Game21/Game21TestWinStatus.php" line="136" assertions="4" time="0.002489"/>
        <testcase name="testPlayersHandTotalCloserTo21" class="App\Game21\Game21TestWinStatus" classname="App.Game21.Game21TestWinStatus" file="/Users/elena/dbwebb-kurser/mvc/me/report/tests/Game21/Game21TestWinStatus.php" line="164" assertions="4" time="0.003600"/>
        <testcase name="testBanksHandTotalCloserTo21" class="App\Game21\Game21TestWinStatus" classname="App.Game21.Game21TestWinStatus" file="/Users/elena/dbwebb-kurser/mvc/me/report/tests/Game21/Game21TestWinStatus.php" line="200" assertions="4" time="0.011589"/>
        <testcase name="testBanksHandTotalGreaterThan21" class="App\Game21\Game21TestWinStatus" classname="App.Game21.Game21TestWinStatus" file="/Users/elena/dbwebb-kurser/mvc/me/report/tests/Game21/Game21TestWinStatus.php" line="236" assertions="4" time="0.002916"/>
        <testcase name="testHandTotalEqual" class="App\Game21\Game21TestWinStatus" classname="App.Game21.Game21TestWinStatus" file="/Users/elena/dbwebb-kurser/mvc/me/report/tests/Game21/Game21TestWinStatus.php" line="273" assertions="4" time="0.002598"/>
        <testcase name="testCreateObject" class="App\Game21\Game21TestWinStatus" classname="App.Game21.Game21TestWinStatus" file="/Users/elena/dbwebb-kurser/mvc/me/report/tests/Game21/Game21TestWinStatus.php" line="44" assertions="1" time="0.006893"/>
        <testcase name="testPlayerQueueInGame" class="App\Game21\Game21TestWinStatus" classname="App.Game21.Game21TestWinStatus" file="/Users/elena/dbwebb-kurser/mvc/me/report/tests/Game21/Game21TestWinStatus.php" line="53" assertions="6" time="0.002809"/>
        <testcase name="testCurrentPlayerHandIsEmpty" class="App\Game21\Game21TestWinStatus" classname="App.Game21.Game21TestWinStatus" file="/Users/elena/dbwebb-kurser/mvc/me/report/tests/Game21/Game21TestWinStatus.php" line="77" assertions="3" time="0.006243"/>
        <testcase name="testCardDeckInGame" class="App\Game21\Game21TestWinStatus" classname="App.Game21.Game21TestWinStatus" file="/Users/elena/dbwebb-kurser/mvc/me/report/tests/Game21/Game21TestWinStatus.php" line="91" assertions="6" time="0.002364"/>
      </testsuite>
    </testsuite>
  </testsuite>
</testsuites>
