<?xml version="1.0" encoding="UTF-8"?>
<testsuites>
  <testsuite name="" tests="89" assertions="270" errors="0" warnings="0" failures="0" skipped="0" time="0.784807">
    <testsuite name="all" tests="89" assertions="270" errors="0" warnings="0" failures="0" skipped="0" time="0.784807">
      <testsuite name="App\AdventureGame\GameTest" file="/Users/elena/dbwebb-kurser/mvc/me/report/tests/AdventureGame/GameTest.php" tests="22" assertions="65" errors="0" warnings="0" failures="0" skipped="0" time="0.236271">
        <testcase name="testCreateObject" class="App\AdventureGame\GameTest" classname="App.AdventureGame.GameTest" file="/Users/elena/dbwebb-kurser/mvc/me/report/tests/AdventureGame/GameTest.php" line="59" assertions="1" time="0.014840"/>
        <testcase name="testGetCurrentRoom" class="App\AdventureGame\GameTest" classname="App.AdventureGame.GameTest" file="/Users/elena/dbwebb-kurser/mvc/me/report/tests/AdventureGame/GameTest.php" line="67" assertions="2" time="0.003576"/>
        <testcase name="testGetCurrentRoomItems" class="App\AdventureGame\GameTest" classname="App.AdventureGame.GameTest" file="/Users/elena/dbwebb-kurser/mvc/me/report/tests/AdventureGame/GameTest.php" line="78" assertions="3" time="0.006765"/>
        <testcase name="testSetRoomTo" class="App\AdventureGame\GameTest" classname="App.AdventureGame.GameTest" file="/Users/elena/dbwebb-kurser/mvc/me/report/tests/AdventureGame/GameTest.php" line="90" assertions="1" time="0.010908"/>
        <testcase name="testGetVisitedRooms" class="App\AdventureGame\GameTest" classname="App.AdventureGame.GameTest" file="/Users/elena/dbwebb-kurser/mvc/me/report/tests/AdventureGame/GameTest.php" line="103" assertions="7" time="0.002537"/>
        <testcase name="testGetDirections" class="App\AdventureGame\GameTest" classname="App.AdventureGame.GameTest" file="/Users/elena/dbwebb-kurser/mvc/me/report/tests/AdventureGame/GameTest.php" line="124" assertions="5" time="0.009054"/>
        <testcase name="testCheckValidDirection" class="App\AdventureGame\GameTest" classname="App.AdventureGame.GameTest" file="/Users/elena/dbwebb-kurser/mvc/me/report/tests/AdventureGame/GameTest.php" line="150" assertions="3" time="0.001868"/>
        <testcase name="testGetDirectionsAsString" class="App\AdventureGame\GameTest" classname="App.AdventureGame.GameTest" file="/Users/elena/dbwebb-kurser/mvc/me/report/tests/AdventureGame/GameTest.php" line="172" assertions="4" time="0.005184"/>
        <testcase name="testGetLocationOfDirection" class="App\AdventureGame\GameTest" classname="App.AdventureGame.GameTest" file="/Users/elena/dbwebb-kurser/mvc/me/report/tests/AdventureGame/GameTest.php" line="185" assertions="4" time="0.012613"/>
        <testcase name="testGetBasketEmpty" class="App\AdventureGame\GameTest" classname="App.AdventureGame.GameTest" file="/Users/elena/dbwebb-kurser/mvc/me/report/tests/AdventureGame/GameTest.php" line="196" assertions="1" time="0.002946"/>
        <testcase name="testPickUpOne" class="App\AdventureGame\GameTest" classname="App.AdventureGame.GameTest" file="/Users/elena/dbwebb-kurser/mvc/me/report/tests/AdventureGame/GameTest.php" line="204" assertions="2" time="0.027714"/>
        <testcase name="testPickUpMany" class="App\AdventureGame\GameTest" classname="App.AdventureGame.GameTest" file="/Users/elena/dbwebb-kurser/mvc/me/report/tests/AdventureGame/GameTest.php" line="215" assertions="2" time="0.015903"/>
        <testcase name="testPutDownEmpty" class="App\AdventureGame\GameTest" classname="App.AdventureGame.GameTest" file="/Users/elena/dbwebb-kurser/mvc/me/report/tests/AdventureGame/GameTest.php" line="232" assertions="2" time="0.002909"/>
        <testcase name="testPutDownNotExist" class="App\AdventureGame\GameTest" classname="App.AdventureGame.GameTest" file="/Users/elena/dbwebb-kurser/mvc/me/report/tests/AdventureGame/GameTest.php" line="243" assertions="2" time="0.002193"/>
        <testcase name="testPutDownExist" class="App\AdventureGame\GameTest" classname="App.AdventureGame.GameTest" file="/Users/elena/dbwebb-kurser/mvc/me/report/tests/AdventureGame/GameTest.php" line="256" assertions="2" time="0.001476"/>
        <testcase name="testCheckItemInBasket" class="App\AdventureGame\GameTest" classname="App.AdventureGame.GameTest" file="/Users/elena/dbwebb-kurser/mvc/me/report/tests/AdventureGame/GameTest.php" line="269" assertions="3" time="0.010468"/>
        <testcase name="testCheckIngredients" class="App\AdventureGame\GameTest" classname="App.AdventureGame.GameTest" file="/Users/elena/dbwebb-kurser/mvc/me/report/tests/AdventureGame/GameTest.php" line="284" assertions="3" time="0.010628"/>
        <testcase name="testInspectRoom" class="App\AdventureGame\GameTest" classname="App.AdventureGame.GameTest" file="/Users/elena/dbwebb-kurser/mvc/me/report/tests/AdventureGame/GameTest.php" line="317" assertions="3" time="0.004299"/>
        <testcase name="testInspectItem" class="App\AdventureGame\GameTest" classname="App.AdventureGame.GameTest" file="/Users/elena/dbwebb-kurser/mvc/me/report/tests/AdventureGame/GameTest.php" line="329" assertions="3" time="0.001951"/>
        <testcase name="testInspectBasketItem" class="App\AdventureGame\GameTest" classname="App.AdventureGame.GameTest" file="/Users/elena/dbwebb-kurser/mvc/me/report/tests/AdventureGame/GameTest.php" line="341" assertions="3" time="0.072770"/>
        <testcase name="testInspectEmptyInput" class="App\AdventureGame\GameTest" classname="App.AdventureGame.GameTest" file="/Users/elena/dbwebb-kurser/mvc/me/report/tests/AdventureGame/GameTest.php" line="355" assertions="3" time="0.012405"/>
        <testcase name="testGetActions" class="App\AdventureGame\GameTest" classname="App.AdventureGame.GameTest" file="/Users/elena/dbwebb-kurser/mvc/me/report/tests/AdventureGame/GameTest.php" line="367" assertions="6" time="0.003264"/>
      </testsuite>
      <testsuite name="App\Card\CardCollectionTest" file="/Users/elena/dbwebb-kurser/mvc/me/report/tests/Card/CardCollectionTest.php" tests="8" assertions="30" errors="0" warnings="0" failures="0" skipped="0" time="0.062618">
        <testcase name="testCreateObjectNoArguments" class="App\Card\CardCollectionTest" classname="App.Card.CardCollectionTest" file="/Users/elena/dbwebb-kurser/mvc/me/report/tests/Card/CardCollectionTest.php" line="15" assertions="2" time="0.001911"/>
        <testcase name="testMethodAddCard" class="App\Card\CardCollectionTest" classname="App.Card.CardCollectionTest" file="/Users/elena/dbwebb-kurser/mvc/me/report/tests/Card/CardCollectionTest.php" line="26" assertions="1" time="0.003507"/>
        <testcase name="testMethodRemoveCard" class="App\Card\CardCollectionTest" classname="App.Card.CardCollectionTest" file="/Users/elena/dbwebb-kurser/mvc/me/report/tests/Card/CardCollectionTest.php" line="40" assertions="1" time="0.000849"/>
        <testcase name="testMethodReturningValues" class="App\Card\CardCollectionTest" classname="App.Card.CardCollectionTest" file="/Users/elena/dbwebb-kurser/mvc/me/report/tests/Card/CardCollectionTest.php" line="53" assertions="6" time="0.032006"/>
        <testcase name="testMethodReturningStrings" class="App\Card\CardCollectionTest" classname="App.Card.CardCollectionTest" file="/Users/elena/dbwebb-kurser/mvc/me/report/tests/Card/CardCollectionTest.php" line="77" assertions="5" time="0.001838"/>
        <testcase name="testMethodReturningColors" class="App\Card\CardCollectionTest" classname="App.Card.CardCollectionTest" file="/Users/elena/dbwebb-kurser/mvc/me/report/tests/Card/CardCollectionTest.php" line="100" assertions="5" time="0.005264"/>
        <testcase name="testMethodShuffle" class="App\Card\CardCollectionTest" classname="App.Card.CardCollectionTest" file="/Users/elena/dbwebb-kurser/mvc/me/report/tests/Card/CardCollectionTest.php" line="123" assertions="2" time="0.013353"/>
        <testcase name="testMethodDraw" class="App\Card\CardCollectionTest" classname="App.Card.CardCollectionTest" file="/Users/elena/dbwebb-kurser/mvc/me/report/tests/Card/CardCollectionTest.php" line="149" assertions="8" time="0.003890"/>
      </testsuite>
      <testsuite name="App\Card\CardGraphicTest" file="/Users/elena/dbwebb-kurser/mvc/me/report/tests/Card/CardGraphicTest.php" tests="2" assertions="9" errors="0" warnings="0" failures="0" skipped="0" time="0.015622">
        <testcase name="testCreateObjectNoArguments" class="App\Card\CardGraphicTest" classname="App.Card.CardGraphicTest" file="/Users/elena/dbwebb-kurser/mvc/me/report/tests/Card/CardGraphicTest.php" line="15" assertions="7" time="0.012506"/>
        <testcase name="testMethodReturningCardAsString" class="App\Card\CardGraphicTest" classname="App.Card.CardGraphicTest" file="/Users/elena/dbwebb-kurser/mvc/me/report/tests/Card/CardGraphicTest.php" line="30" assertions="2" time="0.003117"/>
      </testsuite>
      <testsuite name="App\Card\CardTest" file="/Users/elena/dbwebb-kurser/mvc/me/report/tests/Card/CardTest.php" tests="6" assertions="27" errors="0" warnings="0" failures="0" skipped="0" time="0.048386">
        <testcase name="testCreateObjectNoArguments" class="App\Card\CardTest" classname="App.Card.CardTest" file="/Users/elena/dbwebb-kurser/mvc/me/report/tests/Card/CardTest.php" line="15" assertions="7" time="0.001134"/>
        <testcase name="testCreateObjectWithArguments" class="App\Card\CardTest" classname="App.Card.CardTest" file="/Users/elena/dbwebb-kurser/mvc/me/report/tests/Card/CardTest.php" line="30" assertions="9" time="0.040441"/>
        <testcase name="testMethodReturningCardValue" class="App\Card\CardTest" classname="App.Card.CardTest" file="/Users/elena/dbwebb-kurser/mvc/me/report/tests/Card/CardTest.php" line="50" assertions="6" time="0.002381"/>
        <testcase name="testMethodReturningCardValuesAsString" class="App\Card\CardTest" classname="App.Card.CardTest" file="/Users/elena/dbwebb-kurser/mvc/me/report/tests/Card/CardTest.php" line="87" assertions="2" time="0.001407"/>
        <testcase name="testMethodReturningCardColor" class="App\Card\CardTest" classname="App.Card.CardTest" file="/Users/elena/dbwebb-kurser/mvc/me/report/tests/Card/CardTest.php" line="102" assertions="2" time="0.001751"/>
        <testcase name="testMethodDraw" class="App\Card\CardTest" classname="App.Card.CardTest" file="/Users/elena/dbwebb-kurser/mvc/me/report/tests/Card/CardTest.php" line="122" assertions="1" time="0.001273"/>
      </testsuite>
      <testsuite name="App\Card\DeckOfCardsTest" file="/Users/elena/dbwebb-kurser/mvc/me/report/tests/Card/DeckOfCardsTest.php" tests="3" assertions="3" errors="0" warnings="0" failures="0" skipped="0" time="0.029013">
        <testcase name="testCreateObjectNoArguments" class="App\Card\DeckOfCardsTest" classname="App.Card.DeckOfCardsTest" file="/Users/elena/dbwebb-kurser/mvc/me/report/tests/Card/DeckOfCardsTest.php" line="32" assertions="1" time="0.002575"/>
        <testcase name="testCompleteDeck" class="App\Card\DeckOfCardsTest" classname="App.Card.DeckOfCardsTest" file="/Users/elena/dbwebb-kurser/mvc/me/report/tests/Card/DeckOfCardsTest.php" line="41" assertions="1" time="0.015811"/>
        <testcase name="testIncompleteDeck" class="App\Card\DeckOfCardsTest" classname="App.Card.DeckOfCardsTest" file="/Users/elena/dbwebb-kurser/mvc/me/report/tests/Card/DeckOfCardsTest.php" line="49" assertions="1" time="0.010626"/>
      </testsuite>
      <testsuite name="App\Entity\AdventureItemsTest" file="/Users/elena/dbwebb-kurser/mvc/me/report/tests/Entity/AdventureItemsTest.php" tests="6" assertions="14" errors="0" warnings="0" failures="0" skipped="0" time="0.015198">
        <testcase name="testCreateObject" class="App\Entity\AdventureItemsTest" classname="App.Entity.AdventureItemsTest" file="/Users/elena/dbwebb-kurser/mvc/me/report/tests/Entity/AdventureItemsTest.php" line="28" assertions="2" time="0.004469"/>
        <testcase name="testGetAndSetName" class="App\Entity\AdventureItemsTest" classname="App.Entity.AdventureItemsTest" file="/Users/elena/dbwebb-kurser/mvc/me/report/tests/Entity/AdventureItemsTest.php" line="37" assertions="3" time="0.001431"/>
        <testcase name="testGetAndSetDescription" class="App\Entity\AdventureItemsTest" classname="App.Entity.AdventureItemsTest" file="/Users/elena/dbwebb-kurser/mvc/me/report/tests/Entity/AdventureItemsTest.php" line="49" assertions="2" time="0.000727"/>
        <testcase name="testGetAndSetsPrice" class="App\Entity\AdventureItemsTest" classname="App.Entity.AdventureItemsTest" file="/Users/elena/dbwebb-kurser/mvc/me/report/tests/Entity/AdventureItemsTest.php" line="68" assertions="3" time="0.001432"/>
        <testcase name="testGetAndSetsImage" class="App\Entity\AdventureItemsTest" classname="App.Entity.AdventureItemsTest" file="/Users/elena/dbwebb-kurser/mvc/me/report/tests/Entity/AdventureItemsTest.php" line="81" assertions="2" time="0.005735"/>
        <testcase name="testGetAndSetsRoom" class="App\Entity\AdventureItemsTest" classname="App.Entity.AdventureItemsTest" file="/Users/elena/dbwebb-kurser/mvc/me/report/tests/Entity/AdventureItemsTest.php" line="92" assertions="2" time="0.001405"/>
      </testsuite>
      <testsuite name="App\Entity\AdventureRoomTest" file="/Users/elena/dbwebb-kurser/mvc/me/report/tests/Entity/AdventureRoomTest.php" tests="9" assertions="25" errors="0" warnings="0" failures="0" skipped="0" time="0.022764">
        <testcase name="testCreateObject" class="App\Entity\AdventureRoomTest" classname="App.Entity.AdventureRoomTest" file="/Users/elena/dbwebb-kurser/mvc/me/report/tests/Entity/AdventureRoomTest.php" line="28" assertions="2" time="0.003649"/>
        <testcase name="testGetAndSetName" class="App\Entity\AdventureRoomTest" classname="App.Entity.AdventureRoomTest" file="/Users/elena/dbwebb-kurser/mvc/me/report/tests/Entity/AdventureRoomTest.php" line="37" assertions="3" time="0.002044"/>
        <testcase name="testGetAndSetDescription" class="App\Entity\AdventureRoomTest" classname="App.Entity.AdventureRoomTest" file="/Users/elena/dbwebb-kurser/mvc/me/report/tests/Entity/AdventureRoomTest.php" line="49" assertions="3" time="0.003893"/>
        <testcase name="testGetAndSetImage" class="App\Entity\AdventureRoomTest" classname="App.Entity.AdventureRoomTest" file="/Users/elena/dbwebb-kurser/mvc/me/report/tests/Entity/AdventureRoomTest.php" line="70" assertions="2" time="0.001762"/>
        <testcase name="testGetAndSetNorth" class="App\Entity\AdventureRoomTest" classname="App.Entity.AdventureRoomTest" file="/Users/elena/dbwebb-kurser/mvc/me/report/tests/Entity/AdventureRoomTest.php" line="81" assertions="3" time="0.003015"/>
        <testcase name="testGetAndSetWest" class="App\Entity\AdventureRoomTest" classname="App.Entity.AdventureRoomTest" file="/Users/elena/dbwebb-kurser/mvc/me/report/tests/Entity/AdventureRoomTest.php" line="94" assertions="3" time="0.002296"/>
        <testcase name="testGetAndSetEast" class="App\Entity\AdventureRoomTest" classname="App.Entity.AdventureRoomTest" file="/Users/elena/dbwebb-kurser/mvc/me/report/tests/Entity/AdventureRoomTest.php" line="106" assertions="3" time="0.003100"/>
        <testcase name="testGetAndSetSouth" class="App\Entity\AdventureRoomTest" classname="App.Entity.AdventureRoomTest" file="/Users/elena/dbwebb-kurser/mvc/me/report/tests/Entity/AdventureRoomTest.php" line="118" assertions="3" time="0.002192"/>
        <testcase name="testGetAndSetInspect" class="App\Entity\AdventureRoomTest" classname="App.Entity.AdventureRoomTest" file="/Users/elena/dbwebb-kurser/mvc/me/report/tests/Entity/AdventureRoomTest.php" line="131" assertions="3" time="0.000813"/>
      </testsuite>
      <testsuite name="App\Entity\BookTest" file="/Users/elena/dbwebb-kurser/mvc/me/report/tests/Entity/BookTest.php" tests="5" assertions="6" errors="0" warnings="0" failures="0" skipped="0" time="0.020487">
        <testcase name="testCreateObject" class="App\Entity\BookTest" classname="App.Entity.BookTest" file="/Users/elena/dbwebb-kurser/mvc/me/report/tests/Entity/BookTest.php" line="28" assertions="2" time="0.000962"/>
        <testcase name="testGetAndSetIsbn" class="App\Entity\BookTest" classname="App.Entity.BookTest" file="/Users/elena/dbwebb-kurser/mvc/me/report/tests/Entity/BookTest.php" line="37" assertions="1" time="0.001187"/>
        <testcase name="testGetAndSetTitle" class="App\Entity\BookTest" classname="App.Entity.BookTest" file="/Users/elena/dbwebb-kurser/mvc/me/report/tests/Entity/BookTest.php" line="48" assertions="1" time="0.002943"/>
        <testcase name="testGetAndSetAuthor" class="App\Entity\BookTest" classname="App.Entity.BookTest" file="/Users/elena/dbwebb-kurser/mvc/me/report/tests/Entity/BookTest.php" line="59" assertions="1" time="0.000722"/>
        <testcase name="testGetAndSetImage" class="App\Entity\BookTest" classname="App.Entity.BookTest" file="/Users/elena/dbwebb-kurser/mvc/me/report/tests/Entity/BookTest.php" line="70" assertions="1" time="0.014672"/>
      </testsuite>
      <testsuite name="App\Entity\ProductTest" file="/Users/elena/dbwebb-kurser/mvc/me/report/tests/Entity/ProductTest.php" tests="3" assertions="6" errors="0" warnings="0" failures="0" skipped="0" time="0.008022">
        <testcase name="testCreateObject" class="App\Entity\ProductTest" classname="App.Entity.ProductTest" file="/Users/elena/dbwebb-kurser/mvc/me/report/tests/Entity/ProductTest.php" line="28" assertions="2" time="0.002317"/>
        <testcase name="testGetAndSetName" class="App\Entity\ProductTest" classname="App.Entity.ProductTest" file="/Users/elena/dbwebb-kurser/mvc/me/report/tests/Entity/ProductTest.php" line="37" assertions="2" time="0.004871"/>
        <testcase name="testGetAndSetValue" class="App\Entity\ProductTest" classname="App.Entity.ProductTest" file="/Users/elena/dbwebb-kurser/mvc/me/report/tests/Entity/ProductTest.php" line="48" assertions="2" time="0.000835"/>
      </testsuite>
      <testsuite name="App\Game21\BankTest" file="/Users/elena/dbwebb-kurser/mvc/me/report/tests/Game21/BankTest.php" tests="1" assertions="3" errors="0" warnings="0" failures="0" skipped="0" time="0.011434">
        <testcase name="testCreateObject" class="App\Game21\BankTest" classname="App.Game21.BankTest" file="/Users/elena/dbwebb-kurser/mvc/me/report/tests/Game21/BankTest.php" line="15" assertions="3" time="0.011434"/>
      </testsuite>
      <testsuite name="App\Game21\Game21Test" file="/Users/elena/dbwebb-kurser/mvc/me/report/tests/Game21/Game21Test.php" tests="4" assertions="16" errors="0" warnings="0" failures="0" skipped="0" time="0.059752">
        <testcase name="testCreateObject" class="App\Game21\Game21Test" classname="App.Game21.Game21Test" file="/Users/elena/dbwebb-kurser/mvc/me/report/tests/Game21/Game21Test.php" line="44" assertions="1" time="0.009599"/>
        <testcase name="testPlayerQueueInGame" class="App\Game21\Game21Test" classname="App.Game21.Game21Test" file="/Users/elena/dbwebb-kurser/mvc/me/report/tests/Game21/Game21Test.php" line="53" assertions="6" time="0.012919"/>
        <testcase name="testCurrentPlayerHandIsEmpty" class="App\Game21\Game21Test" classname="App.Game21.Game21Test" file="/Users/elena/dbwebb-kurser/mvc/me/report/tests/Game21/Game21Test.php" line="77" assertions="3" time="0.020671"/>
        <testcase name="testCardDeckInGame" class="App\Game21\Game21Test" classname="App.Game21.Game21Test" file="/Users/elena/dbwebb-kurser/mvc/me/report/tests/Game21/Game21Test.php" line="91" assertions="6" time="0.016563"/>
      </testsuite>
      <testsuite name="App\Game21\PlayerTest" file="/Users/elena/dbwebb-kurser/mvc/me/report/tests/Game21/PlayerTest.php" tests="6" assertions="18" errors="0" warnings="0" failures="0" skipped="0" time="0.017064">
        <testcase name="testCreateObject" class="App\Game21\PlayerTest" classname="App.Game21.PlayerTest" file="/Users/elena/dbwebb-kurser/mvc/me/report/tests/Game21/PlayerTest.php" line="42" assertions="3" time="0.003852"/>
        <testcase name="testMethodReturningHandCount" class="App\Game21\PlayerTest" classname="App.Game21.PlayerTest" file="/Users/elena/dbwebb-kurser/mvc/me/report/tests/Game21/PlayerTest.php" line="52" assertions="2" time="0.004378"/>
        <testcase name="testMethodAddCardToHand" class="App\Game21\PlayerTest" classname="App.Game21.PlayerTest" file="/Users/elena/dbwebb-kurser/mvc/me/report/tests/Game21/PlayerTest.php" line="61" assertions="1" time="0.003470"/>
        <testcase name="testMethodReturningCardHandAsString" class="App\Game21\PlayerTest" classname="App.Game21.PlayerTest" file="/Users/elena/dbwebb-kurser/mvc/me/report/tests/Game21/PlayerTest.php" line="76" assertions="4" time="0.002604"/>
        <testcase name="testMethodReturningCardHandValues" class="App\Game21\PlayerTest" classname="App.Game21.PlayerTest" file="/Users/elena/dbwebb-kurser/mvc/me/report/tests/Game21/PlayerTest.php" line="91" assertions="5" time="0.001788"/>
        <testcase name="testMethodReturningCardHandColors" class="App\Game21\PlayerTest" classname="App.Game21.PlayerTest" file="/Users/elena/dbwebb-kurser/mvc/me/report/tests/Game21/PlayerTest.php" line="107" assertions="3" time="0.000972"/>
      </testsuite>
      <testsuite name="App\Game21\Game21TestWinStatus" file="/Users/elena/dbwebb-kurser/mvc/me/report/tests/Game21/Game21TestWinStatus.php" tests="14" assertions="48" errors="0" warnings="0" failures="0" skipped="0" time="0.238177">
        <testcase name="testHandTotalWithAceLower" class="App\Game21\Game21TestWinStatus" classname="App.Game21.Game21TestWinStatus" file="/Users/elena/dbwebb-kurser/mvc/me/report/tests/Game21/Game21TestWinStatus.php" line="16" assertions="2" time="0.034069"/>
        <testcase name="testHandTotalWithAceGreater" class="App\Game21\Game21TestWinStatus" classname="App.Game21.Game21TestWinStatus" file="/Users/elena/dbwebb-kurser/mvc/me/report/tests/Game21/Game21TestWinStatus.php" line="39" assertions="2" time="0.019439"/>
        <testcase name="testHandTotalWithoutAceLower" class="App\Game21\Game21TestWinStatus" classname="App.Game21.Game21TestWinStatus" file="/Users/elena/dbwebb-kurser/mvc/me/report/tests/Game21/Game21TestWinStatus.php" line="62" assertions="2" time="0.014654"/>
        <testcase name="testHandTotalWithoutAceGreater" class="App\Game21\Game21TestWinStatus" classname="App.Game21.Game21TestWinStatus" file="/Users/elena/dbwebb-kurser/mvc/me/report/tests/Game21/Game21TestWinStatus.php" line="85" assertions="2" time="0.013313"/>
        <testcase name="testNoLoserStatusYet" class="App\Game21\Game21TestWinStatus" classname="App.Game21.Game21TestWinStatus" file="/Users/elena/dbwebb-kurser/mvc/me/report/tests/Game21/Game21TestWinStatus.php" line="108" assertions="4" time="0.004822"/>
        <testcase name="testPlayersHandTotalGreaterThan21" class="App\Game21\Game21TestWinStatus" classname="App.Game21.Game21TestWinStatus" file="/Users/elena/dbwebb-kurser/mvc/me/report/tests/Game21/Game21TestWinStatus.php" line="136" assertions="4" time="0.004733"/>
        <testcase name="testPlayersHandTotalCloserTo21" class="App\Game21\Game21TestWinStatus" classname="App.Game21.Game21TestWinStatus" file="/Users/elena/dbwebb-kurser/mvc/me/report/tests/Game21/Game21TestWinStatus.php" line="164" assertions="4" time="0.025108"/>
        <testcase name="testBanksHandTotalCloserTo21" class="App\Game21\Game21TestWinStatus" classname="App.Game21.Game21TestWinStatus" file="/Users/elena/dbwebb-kurser/mvc/me/report/tests/Game21/Game21TestWinStatus.php" line="200" assertions="4" time="0.007515"/>
        <testcase name="testBanksHandTotalGreaterThan21" class="App\Game21\Game21TestWinStatus" classname="App.Game21.Game21TestWinStatus" file="/Users/elena/dbwebb-kurser/mvc/me/report/tests/Game21/Game21TestWinStatus.php" line="236" assertions="4" time="0.049939"/>
        <testcase name="testHandTotalEqual" class="App\Game21\Game21TestWinStatus" classname="App.Game21.Game21TestWinStatus" file="/Users/elena/dbwebb-kurser/mvc/me/report/tests/Game21/Game21TestWinStatus.php" line="273" assertions="4" time="0.020215"/>
        <testcase name="testCreateObject" class="App\Game21\Game21TestWinStatus" classname="App.Game21.Game21TestWinStatus" file="/Users/elena/dbwebb-kurser/mvc/me/report/tests/Game21/Game21TestWinStatus.php" line="44" assertions="1" time="0.002298"/>
        <testcase name="testPlayerQueueInGame" class="App\Game21\Game21TestWinStatus" classname="App.Game21.Game21TestWinStatus" file="/Users/elena/dbwebb-kurser/mvc/me/report/tests/Game21/Game21TestWinStatus.php" line="53" assertions="6" time="0.002573"/>
        <testcase name="testCurrentPlayerHandIsEmpty" class="App\Game21\Game21TestWinStatus" classname="App.Game21.Game21TestWinStatus" file="/Users/elena/dbwebb-kurser/mvc/me/report/tests/Game21/Game21TestWinStatus.php" line="77" assertions="3" time="0.009046"/>
        <testcase name="testCardDeckInGame" class="App\Game21\Game21TestWinStatus" classname="App.Game21.Game21TestWinStatus" file="/Users/elena/dbwebb-kurser/mvc/me/report/tests/Game21/Game21TestWinStatus.php" line="91" assertions="6" time="0.030453"/>
      </testsuite>
    </testsuite>
  </testsuite>
</testsuites>
