<?xml version="1.0" encoding="UTF-8"?>
<testsuites>
  <testsuite name="" tests="44" assertions="155" errors="0" warnings="0" failures="0" skipped="0" time="0.564278">
    <testsuite name="all" tests="44" assertions="155" errors="0" warnings="0" failures="0" skipped="0" time="0.564278">
      <testsuite name="App\Card\CardCollectionTest" file="/Users/elena/dbwebb-kurser/mvc/me/report/tests/Card/CardCollectionTest.php" tests="8" assertions="31" errors="0" warnings="0" failures="0" skipped="0" time="0.372250">
        <testcase name="testCreateObjectNoArguments" class="App\Card\CardCollectionTest" classname="App.Card.CardCollectionTest" file="/Users/elena/dbwebb-kurser/mvc/me/report/tests/Card/CardCollectionTest.php" line="15" assertions="2" time="0.006291"/>
        <testcase name="testMethodAddCard" class="App\Card\CardCollectionTest" classname="App.Card.CardCollectionTest" file="/Users/elena/dbwebb-kurser/mvc/me/report/tests/Card/CardCollectionTest.php" line="26" assertions="1" time="0.293110"/>
        <testcase name="testMethodRemoveCard" class="App\Card\CardCollectionTest" classname="App.Card.CardCollectionTest" file="/Users/elena/dbwebb-kurser/mvc/me/report/tests/Card/CardCollectionTest.php" line="40" assertions="1" time="0.012461"/>
        <testcase name="testMethodReturningValues" class="App\Card\CardCollectionTest" classname="App.Card.CardCollectionTest" file="/Users/elena/dbwebb-kurser/mvc/me/report/tests/Card/CardCollectionTest.php" line="53" assertions="6" time="0.040359"/>
        <testcase name="testMethodReturningStrings" class="App\Card\CardCollectionTest" classname="App.Card.CardCollectionTest" file="/Users/elena/dbwebb-kurser/mvc/me/report/tests/Card/CardCollectionTest.php" line="77" assertions="5" time="0.007449"/>
        <testcase name="testMethodReturningColors" class="App\Card\CardCollectionTest" classname="App.Card.CardCollectionTest" file="/Users/elena/dbwebb-kurser/mvc/me/report/tests/Card/CardCollectionTest.php" line="100" assertions="5" time="0.001903"/>
        <testcase name="testMethodShuffle" class="App\Card\CardCollectionTest" classname="App.Card.CardCollectionTest" file="/Users/elena/dbwebb-kurser/mvc/me/report/tests/Card/CardCollectionTest.php" line="123" assertions="3" time="0.007359"/>
        <testcase name="testMethodDraw" class="App\Card\CardCollectionTest" classname="App.Card.CardCollectionTest" file="/Users/elena/dbwebb-kurser/mvc/me/report/tests/Card/CardCollectionTest.php" line="144" assertions="8" time="0.003320"/>
      </testsuite>
      <testsuite name="App\Card\CardGraphicTest" file="/Users/elena/dbwebb-kurser/mvc/me/report/tests/Card/CardGraphicTest.php" tests="2" assertions="9" errors="0" warnings="0" failures="0" skipped="0" time="0.006968">
        <testcase name="testCreateObjectNoArguments" class="App\Card\CardGraphicTest" classname="App.Card.CardGraphicTest" file="/Users/elena/dbwebb-kurser/mvc/me/report/tests/Card/CardGraphicTest.php" line="15" assertions="7" time="0.006141"/>
        <testcase name="testMethodReturningCardAsString" class="App\Card\CardGraphicTest" classname="App.Card.CardGraphicTest" file="/Users/elena/dbwebb-kurser/mvc/me/report/tests/Card/CardGraphicTest.php" line="30" assertions="2" time="0.000827"/>
      </testsuite>
      <testsuite name="App\Card\CardTest" file="/Users/elena/dbwebb-kurser/mvc/me/report/tests/Card/CardTest.php" tests="6" assertions="27" errors="0" warnings="0" failures="0" skipped="0" time="0.012436">
        <testcase name="testCreateObjectNoArguments" class="App\Card\CardTest" classname="App.Card.CardTest" file="/Users/elena/dbwebb-kurser/mvc/me/report/tests/Card/CardTest.php" line="15" assertions="7" time="0.001387"/>
        <testcase name="testCreateObjectWithArguments" class="App\Card\CardTest" classname="App.Card.CardTest" file="/Users/elena/dbwebb-kurser/mvc/me/report/tests/Card/CardTest.php" line="30" assertions="9" time="0.001355"/>
        <testcase name="testMethodReturningCardValue" class="App\Card\CardTest" classname="App.Card.CardTest" file="/Users/elena/dbwebb-kurser/mvc/me/report/tests/Card/CardTest.php" line="50" assertions="6" time="0.002449"/>
        <testcase name="testMethodReturningCardValuesAsString" class="App\Card\CardTest" classname="App.Card.CardTest" file="/Users/elena/dbwebb-kurser/mvc/me/report/tests/Card/CardTest.php" line="87" assertions="2" time="0.004446"/>
        <testcase name="testMethodReturningCardColor" class="App\Card\CardTest" classname="App.Card.CardTest" file="/Users/elena/dbwebb-kurser/mvc/me/report/tests/Card/CardTest.php" line="102" assertions="2" time="0.001667"/>
        <testcase name="testMethodDraw" class="App\Card\CardTest" classname="App.Card.CardTest" file="/Users/elena/dbwebb-kurser/mvc/me/report/tests/Card/CardTest.php" line="122" assertions="1" time="0.001131"/>
      </testsuite>
      <testsuite name="App\Card\DeckOfCardsTest" file="/Users/elena/dbwebb-kurser/mvc/me/report/tests/Card/DeckOfCardsTest.php" tests="3" assertions="3" errors="0" warnings="0" failures="0" skipped="0" time="0.044628">
        <testcase name="testCreateObjectNoArguments" class="App\Card\DeckOfCardsTest" classname="App.Card.DeckOfCardsTest" file="/Users/elena/dbwebb-kurser/mvc/me/report/tests/Card/DeckOfCardsTest.php" line="32" assertions="1" time="0.018608"/>
        <testcase name="testCompleteDeck" class="App\Card\DeckOfCardsTest" classname="App.Card.DeckOfCardsTest" file="/Users/elena/dbwebb-kurser/mvc/me/report/tests/Card/DeckOfCardsTest.php" line="41" assertions="1" time="0.001811"/>
        <testcase name="testIncompleteDeck" class="App\Card\DeckOfCardsTest" classname="App.Card.DeckOfCardsTest" file="/Users/elena/dbwebb-kurser/mvc/me/report/tests/Card/DeckOfCardsTest.php" line="49" assertions="1" time="0.024210"/>
      </testsuite>
      <testsuite name="App\Game21\BankTest" file="/Users/elena/dbwebb-kurser/mvc/me/report/tests/Game21/BankTest.php" tests="1" assertions="3" errors="0" warnings="0" failures="0" skipped="0" time="0.004710">
        <testcase name="testCreateObject" class="App\Game21\BankTest" classname="App.Game21.BankTest" file="/Users/elena/dbwebb-kurser/mvc/me/report/tests/Game21/BankTest.php" line="15" assertions="3" time="0.004710"/>
      </testsuite>
      <testsuite name="App\Game21\Game21Test" file="/Users/elena/dbwebb-kurser/mvc/me/report/tests/Game21/Game21Test.php" tests="4" assertions="16" errors="0" warnings="0" failures="0" skipped="0" time="0.031307">
        <testcase name="testCreateObject" class="App\Game21\Game21Test" classname="App.Game21.Game21Test" file="/Users/elena/dbwebb-kurser/mvc/me/report/tests/Game21/Game21Test.php" line="44" assertions="1" time="0.010836"/>
        <testcase name="testPlayerQueueInGame" class="App\Game21\Game21Test" classname="App.Game21.Game21Test" file="/Users/elena/dbwebb-kurser/mvc/me/report/tests/Game21/Game21Test.php" line="53" assertions="6" time="0.008242"/>
        <testcase name="testCurrentPlayerHandIsEmpty" class="App\Game21\Game21Test" classname="App.Game21.Game21Test" file="/Users/elena/dbwebb-kurser/mvc/me/report/tests/Game21/Game21Test.php" line="77" assertions="3" time="0.007883"/>
        <testcase name="testCardDeckInGame" class="App\Game21\Game21Test" classname="App.Game21.Game21Test" file="/Users/elena/dbwebb-kurser/mvc/me/report/tests/Game21/Game21Test.php" line="91" assertions="6" time="0.004346"/>
      </testsuite>
      <testsuite name="App\Game21\PlayerTest" file="/Users/elena/dbwebb-kurser/mvc/me/report/tests/Game21/PlayerTest.php" tests="6" assertions="18" errors="0" warnings="0" failures="0" skipped="0" time="0.012029">
        <testcase name="testCreateObject" class="App\Game21\PlayerTest" classname="App.Game21.PlayerTest" file="/Users/elena/dbwebb-kurser/mvc/me/report/tests/Game21/PlayerTest.php" line="42" assertions="3" time="0.002093"/>
        <testcase name="testMethodReturningHandCount" class="App\Game21\PlayerTest" classname="App.Game21.PlayerTest" file="/Users/elena/dbwebb-kurser/mvc/me/report/tests/Game21/PlayerTest.php" line="52" assertions="2" time="0.001330"/>
        <testcase name="testMethodAddCardToHand" class="App\Game21\PlayerTest" classname="App.Game21.PlayerTest" file="/Users/elena/dbwebb-kurser/mvc/me/report/tests/Game21/PlayerTest.php" line="61" assertions="1" time="0.001553"/>
        <testcase name="testMethodReturningCardHandAsString" class="App\Game21\PlayerTest" classname="App.Game21.PlayerTest" file="/Users/elena/dbwebb-kurser/mvc/me/report/tests/Game21/PlayerTest.php" line="76" assertions="4" time="0.003554"/>
        <testcase name="testMethodReturningCardHandValues" class="App\Game21\PlayerTest" classname="App.Game21.PlayerTest" file="/Users/elena/dbwebb-kurser/mvc/me/report/tests/Game21/PlayerTest.php" line="91" assertions="5" time="0.001156"/>
        <testcase name="testMethodReturningCardHandColors" class="App\Game21\PlayerTest" classname="App.Game21.PlayerTest" file="/Users/elena/dbwebb-kurser/mvc/me/report/tests/Game21/PlayerTest.php" line="107" assertions="3" time="0.002343"/>
      </testsuite>
      <testsuite name="App\Game21\Game21TestWinStatus" file="/Users/elena/dbwebb-kurser/mvc/me/report/tests/Game21/Game21TestWinStatus.php" tests="14" assertions="48" errors="0" warnings="0" failures="0" skipped="0" time="0.079949">
        <testcase name="testHandTotalWithAceLower" class="App\Game21\Game21TestWinStatus" classname="App.Game21.Game21TestWinStatus" file="/Users/elena/dbwebb-kurser/mvc/me/report/tests/Game21/Game21TestWinStatus.php" line="18" assertions="2" time="0.004252"/>
        <testcase name="testHandTotalWithAceGreater" class="App\Game21\Game21TestWinStatus" classname="App.Game21.Game21TestWinStatus" file="/Users/elena/dbwebb-kurser/mvc/me/report/tests/Game21/Game21TestWinStatus.php" line="41" assertions="2" time="0.004165"/>
        <testcase name="testHandTotalWithoutAceLower" class="App\Game21\Game21TestWinStatus" classname="App.Game21.Game21TestWinStatus" file="/Users/elena/dbwebb-kurser/mvc/me/report/tests/Game21/Game21TestWinStatus.php" line="64" assertions="2" time="0.003544"/>
        <testcase name="testHandTotalWithoutAceGreater" class="App\Game21\Game21TestWinStatus" classname="App.Game21.Game21TestWinStatus" file="/Users/elena/dbwebb-kurser/mvc/me/report/tests/Game21/Game21TestWinStatus.php" line="87" assertions="2" time="0.005032"/>
        <testcase name="testNoLoserStatusYet" class="App\Game21\Game21TestWinStatus" classname="App.Game21.Game21TestWinStatus" file="/Users/elena/dbwebb-kurser/mvc/me/report/tests/Game21/Game21TestWinStatus.php" line="110" assertions="4" time="0.009209"/>
        <testcase name="testPlayersHandTotalGreaterThan21" class="App\Game21\Game21TestWinStatus" classname="App.Game21.Game21TestWinStatus" file="/Users/elena/dbwebb-kurser/mvc/me/report/tests/Game21/Game21TestWinStatus.php" line="138" assertions="4" time="0.010714"/>
        <testcase name="testPlayersHandTotalCloserTo21" class="App\Game21\Game21TestWinStatus" classname="App.Game21.Game21TestWinStatus" file="/Users/elena/dbwebb-kurser/mvc/me/report/tests/Game21/Game21TestWinStatus.php" line="166" assertions="4" time="0.005783"/>
        <testcase name="testBanksHandTotalCloserTo21" class="App\Game21\Game21TestWinStatus" classname="App.Game21.Game21TestWinStatus" file="/Users/elena/dbwebb-kurser/mvc/me/report/tests/Game21/Game21TestWinStatus.php" line="202" assertions="4" time="0.008927"/>
        <testcase name="testBanksHandTotalGreaterThan21" class="App\Game21\Game21TestWinStatus" classname="App.Game21.Game21TestWinStatus" file="/Users/elena/dbwebb-kurser/mvc/me/report/tests/Game21/Game21TestWinStatus.php" line="238" assertions="4" time="0.005751"/>
        <testcase name="testHandTotalEqual" class="App\Game21\Game21TestWinStatus" classname="App.Game21.Game21TestWinStatus" file="/Users/elena/dbwebb-kurser/mvc/me/report/tests/Game21/Game21TestWinStatus.php" line="275" assertions="4" time="0.001986"/>
        <testcase name="testCreateObject" class="App\Game21\Game21TestWinStatus" classname="App.Game21.Game21TestWinStatus" file="/Users/elena/dbwebb-kurser/mvc/me/report/tests/Game21/Game21TestWinStatus.php" line="44" assertions="1" time="0.002341"/>
        <testcase name="testPlayerQueueInGame" class="App\Game21\Game21TestWinStatus" classname="App.Game21.Game21TestWinStatus" file="/Users/elena/dbwebb-kurser/mvc/me/report/tests/Game21/Game21TestWinStatus.php" line="53" assertions="6" time="0.007233"/>
        <testcase name="testCurrentPlayerHandIsEmpty" class="App\Game21\Game21TestWinStatus" classname="App.Game21.Game21TestWinStatus" file="/Users/elena/dbwebb-kurser/mvc/me/report/tests/Game21/Game21TestWinStatus.php" line="77" assertions="3" time="0.004029"/>
        <testcase name="testCardDeckInGame" class="App\Game21\Game21TestWinStatus" classname="App.Game21.Game21TestWinStatus" file="/Users/elena/dbwebb-kurser/mvc/me/report/tests/Game21/Game21TestWinStatus.php" line="91" assertions="6" time="0.006984"/>
      </testsuite>
    </testsuite>
  </testsuite>
</testsuites>
