<?xml version="1.0" encoding="UTF-8"?>
<testsuites>
  <testsuite name="" tests="89" assertions="270" errors="0" warnings="0" failures="0" skipped="0" time="0.349534">
    <testsuite name="all" tests="89" assertions="270" errors="0" warnings="0" failures="0" skipped="0" time="0.349534">
      <testsuite name="App\AdventureGame\GameTest" file="/Users/elena/dbwebb-kurser/mvc/me/report/tests/AdventureGame/GameTest.php" tests="22" assertions="65" errors="0" warnings="0" failures="0" skipped="0" time="0.116267">
        <testcase name="testCreateObject" class="App\AdventureGame\GameTest" classname="App.AdventureGame.GameTest" file="/Users/elena/dbwebb-kurser/mvc/me/report/tests/AdventureGame/GameTest.php" line="59" assertions="1" time="0.016113"/>
        <testcase name="testGetCurrentRoom" class="App\AdventureGame\GameTest" classname="App.AdventureGame.GameTest" file="/Users/elena/dbwebb-kurser/mvc/me/report/tests/AdventureGame/GameTest.php" line="67" assertions="2" time="0.006073"/>
        <testcase name="testGetCurrentRoomItems" class="App\AdventureGame\GameTest" classname="App.AdventureGame.GameTest" file="/Users/elena/dbwebb-kurser/mvc/me/report/tests/AdventureGame/GameTest.php" line="78" assertions="3" time="0.005375"/>
        <testcase name="testSetRoomTo" class="App\AdventureGame\GameTest" classname="App.AdventureGame.GameTest" file="/Users/elena/dbwebb-kurser/mvc/me/report/tests/AdventureGame/GameTest.php" line="90" assertions="1" time="0.001714"/>
        <testcase name="testGetVisitedRooms" class="App\AdventureGame\GameTest" classname="App.AdventureGame.GameTest" file="/Users/elena/dbwebb-kurser/mvc/me/report/tests/AdventureGame/GameTest.php" line="103" assertions="7" time="0.003742"/>
        <testcase name="testGetDirections" class="App\AdventureGame\GameTest" classname="App.AdventureGame.GameTest" file="/Users/elena/dbwebb-kurser/mvc/me/report/tests/AdventureGame/GameTest.php" line="124" assertions="5" time="0.005907"/>
        <testcase name="testCheckValidDirection" class="App\AdventureGame\GameTest" classname="App.AdventureGame.GameTest" file="/Users/elena/dbwebb-kurser/mvc/me/report/tests/AdventureGame/GameTest.php" line="150" assertions="3" time="0.013796"/>
        <testcase name="testGetDirectionsAsString" class="App\AdventureGame\GameTest" classname="App.AdventureGame.GameTest" file="/Users/elena/dbwebb-kurser/mvc/me/report/tests/AdventureGame/GameTest.php" line="172" assertions="4" time="0.001890"/>
        <testcase name="testGetLocationOfDirection" class="App\AdventureGame\GameTest" classname="App.AdventureGame.GameTest" file="/Users/elena/dbwebb-kurser/mvc/me/report/tests/AdventureGame/GameTest.php" line="185" assertions="4" time="0.009022"/>
        <testcase name="testGetBasketEmpty" class="App\AdventureGame\GameTest" classname="App.AdventureGame.GameTest" file="/Users/elena/dbwebb-kurser/mvc/me/report/tests/AdventureGame/GameTest.php" line="196" assertions="1" time="0.002091"/>
        <testcase name="testPickUpOne" class="App\AdventureGame\GameTest" classname="App.AdventureGame.GameTest" file="/Users/elena/dbwebb-kurser/mvc/me/report/tests/AdventureGame/GameTest.php" line="204" assertions="2" time="0.001458"/>
        <testcase name="testPickUpMany" class="App\AdventureGame\GameTest" classname="App.AdventureGame.GameTest" file="/Users/elena/dbwebb-kurser/mvc/me/report/tests/AdventureGame/GameTest.php" line="215" assertions="2" time="0.002755"/>
        <testcase name="testPutDownEmpty" class="App\AdventureGame\GameTest" classname="App.AdventureGame.GameTest" file="/Users/elena/dbwebb-kurser/mvc/me/report/tests/AdventureGame/GameTest.php" line="232" assertions="2" time="0.001675"/>
        <testcase name="testPutDownNotExist" class="App\AdventureGame\GameTest" classname="App.AdventureGame.GameTest" file="/Users/elena/dbwebb-kurser/mvc/me/report/tests/AdventureGame/GameTest.php" line="243" assertions="2" time="0.007220"/>
        <testcase name="testPutDownExist" class="App\AdventureGame\GameTest" classname="App.AdventureGame.GameTest" file="/Users/elena/dbwebb-kurser/mvc/me/report/tests/AdventureGame/GameTest.php" line="256" assertions="2" time="0.001394"/>
        <testcase name="testCheckItemInBasket" class="App\AdventureGame\GameTest" classname="App.AdventureGame.GameTest" file="/Users/elena/dbwebb-kurser/mvc/me/report/tests/AdventureGame/GameTest.php" line="269" assertions="3" time="0.001893"/>
        <testcase name="testCheckIngredients" class="App\AdventureGame\GameTest" classname="App.AdventureGame.GameTest" file="/Users/elena/dbwebb-kurser/mvc/me/report/tests/AdventureGame/GameTest.php" line="284" assertions="3" time="0.001233"/>
        <testcase name="testInspectRoom" class="App\AdventureGame\GameTest" classname="App.AdventureGame.GameTest" file="/Users/elena/dbwebb-kurser/mvc/me/report/tests/AdventureGame/GameTest.php" line="317" assertions="3" time="0.007702"/>
        <testcase name="testInspectItem" class="App\AdventureGame\GameTest" classname="App.AdventureGame.GameTest" file="/Users/elena/dbwebb-kurser/mvc/me/report/tests/AdventureGame/GameTest.php" line="329" assertions="3" time="0.009811"/>
        <testcase name="testInspectBasketItem" class="App\AdventureGame\GameTest" classname="App.AdventureGame.GameTest" file="/Users/elena/dbwebb-kurser/mvc/me/report/tests/AdventureGame/GameTest.php" line="341" assertions="3" time="0.013033"/>
        <testcase name="testInspectEmptyInput" class="App\AdventureGame\GameTest" classname="App.AdventureGame.GameTest" file="/Users/elena/dbwebb-kurser/mvc/me/report/tests/AdventureGame/GameTest.php" line="355" assertions="3" time="0.001011"/>
        <testcase name="testGetActions" class="App\AdventureGame\GameTest" classname="App.AdventureGame.GameTest" file="/Users/elena/dbwebb-kurser/mvc/me/report/tests/AdventureGame/GameTest.php" line="367" assertions="6" time="0.001357"/>
      </testsuite>
      <testsuite name="App\Card\CardCollectionTest" file="/Users/elena/dbwebb-kurser/mvc/me/report/tests/Card/CardCollectionTest.php" tests="8" assertions="30" errors="0" warnings="0" failures="0" skipped="0" time="0.045648">
        <testcase name="testCreateObjectNoArguments" class="App\Card\CardCollectionTest" classname="App.Card.CardCollectionTest" file="/Users/elena/dbwebb-kurser/mvc/me/report/tests/Card/CardCollectionTest.php" line="15" assertions="2" time="0.006162"/>
        <testcase name="testMethodAddCard" class="App\Card\CardCollectionTest" classname="App.Card.CardCollectionTest" file="/Users/elena/dbwebb-kurser/mvc/me/report/tests/Card/CardCollectionTest.php" line="26" assertions="1" time="0.005947"/>
        <testcase name="testMethodRemoveCard" class="App\Card\CardCollectionTest" classname="App.Card.CardCollectionTest" file="/Users/elena/dbwebb-kurser/mvc/me/report/tests/Card/CardCollectionTest.php" line="40" assertions="1" time="0.000831"/>
        <testcase name="testMethodReturningValues" class="App\Card\CardCollectionTest" classname="App.Card.CardCollectionTest" file="/Users/elena/dbwebb-kurser/mvc/me/report/tests/Card/CardCollectionTest.php" line="53" assertions="6" time="0.001787"/>
        <testcase name="testMethodReturningStrings" class="App\Card\CardCollectionTest" classname="App.Card.CardCollectionTest" file="/Users/elena/dbwebb-kurser/mvc/me/report/tests/Card/CardCollectionTest.php" line="77" assertions="5" time="0.002782"/>
        <testcase name="testMethodReturningColors" class="App\Card\CardCollectionTest" classname="App.Card.CardCollectionTest" file="/Users/elena/dbwebb-kurser/mvc/me/report/tests/Card/CardCollectionTest.php" line="100" assertions="5" time="0.015139"/>
        <testcase name="testMethodShuffle" class="App\Card\CardCollectionTest" classname="App.Card.CardCollectionTest" file="/Users/elena/dbwebb-kurser/mvc/me/report/tests/Card/CardCollectionTest.php" line="123" assertions="2" time="0.008274"/>
        <testcase name="testMethodDraw" class="App\Card\CardCollectionTest" classname="App.Card.CardCollectionTest" file="/Users/elena/dbwebb-kurser/mvc/me/report/tests/Card/CardCollectionTest.php" line="149" assertions="8" time="0.004726"/>
      </testsuite>
      <testsuite name="App\Card\CardGraphicTest" file="/Users/elena/dbwebb-kurser/mvc/me/report/tests/Card/CardGraphicTest.php" tests="2" assertions="9" errors="0" warnings="0" failures="0" skipped="0" time="0.028591">
        <testcase name="testCreateObjectNoArguments" class="App\Card\CardGraphicTest" classname="App.Card.CardGraphicTest" file="/Users/elena/dbwebb-kurser/mvc/me/report/tests/Card/CardGraphicTest.php" line="15" assertions="7" time="0.007357"/>
        <testcase name="testMethodReturningCardAsString" class="App\Card\CardGraphicTest" classname="App.Card.CardGraphicTest" file="/Users/elena/dbwebb-kurser/mvc/me/report/tests/Card/CardGraphicTest.php" line="30" assertions="2" time="0.021234"/>
      </testsuite>
      <testsuite name="App\Card\CardTest" file="/Users/elena/dbwebb-kurser/mvc/me/report/tests/Card/CardTest.php" tests="6" assertions="27" errors="0" warnings="0" failures="0" skipped="0" time="0.006769">
        <testcase name="testCreateObjectNoArguments" class="App\Card\CardTest" classname="App.Card.CardTest" file="/Users/elena/dbwebb-kurser/mvc/me/report/tests/Card/CardTest.php" line="15" assertions="7" time="0.002164"/>
        <testcase name="testCreateObjectWithArguments" class="App\Card\CardTest" classname="App.Card.CardTest" file="/Users/elena/dbwebb-kurser/mvc/me/report/tests/Card/CardTest.php" line="30" assertions="9" time="0.001250"/>
        <testcase name="testMethodReturningCardValue" class="App\Card\CardTest" classname="App.Card.CardTest" file="/Users/elena/dbwebb-kurser/mvc/me/report/tests/Card/CardTest.php" line="50" assertions="6" time="0.000855"/>
        <testcase name="testMethodReturningCardValuesAsString" class="App\Card\CardTest" classname="App.Card.CardTest" file="/Users/elena/dbwebb-kurser/mvc/me/report/tests/Card/CardTest.php" line="87" assertions="2" time="0.000968"/>
        <testcase name="testMethodReturningCardColor" class="App\Card\CardTest" classname="App.Card.CardTest" file="/Users/elena/dbwebb-kurser/mvc/me/report/tests/Card/CardTest.php" line="102" assertions="2" time="0.000789"/>
        <testcase name="testMethodDraw" class="App\Card\CardTest" classname="App.Card.CardTest" file="/Users/elena/dbwebb-kurser/mvc/me/report/tests/Card/CardTest.php" line="122" assertions="1" time="0.000744"/>
      </testsuite>
      <testsuite name="App\Card\DeckOfCardsTest" file="/Users/elena/dbwebb-kurser/mvc/me/report/tests/Card/DeckOfCardsTest.php" tests="3" assertions="3" errors="0" warnings="0" failures="0" skipped="0" time="0.018043">
        <testcase name="testCreateObjectNoArguments" class="App\Card\DeckOfCardsTest" classname="App.Card.DeckOfCardsTest" file="/Users/elena/dbwebb-kurser/mvc/me/report/tests/Card/DeckOfCardsTest.php" line="32" assertions="1" time="0.013284"/>
        <testcase name="testCompleteDeck" class="App\Card\DeckOfCardsTest" classname="App.Card.DeckOfCardsTest" file="/Users/elena/dbwebb-kurser/mvc/me/report/tests/Card/DeckOfCardsTest.php" line="41" assertions="1" time="0.003154"/>
        <testcase name="testIncompleteDeck" class="App\Card\DeckOfCardsTest" classname="App.Card.DeckOfCardsTest" file="/Users/elena/dbwebb-kurser/mvc/me/report/tests/Card/DeckOfCardsTest.php" line="49" assertions="1" time="0.001606"/>
      </testsuite>
      <testsuite name="App\Entity\AdventureItemsTest" file="/Users/elena/dbwebb-kurser/mvc/me/report/tests/Entity/AdventureItemsTest.php" tests="6" assertions="14" errors="0" warnings="0" failures="0" skipped="0" time="0.005489">
        <testcase name="testCreateObject" class="App\Entity\AdventureItemsTest" classname="App.Entity.AdventureItemsTest" file="/Users/elena/dbwebb-kurser/mvc/me/report/tests/Entity/AdventureItemsTest.php" line="28" assertions="2" time="0.001083"/>
        <testcase name="testGetAndSetName" class="App\Entity\AdventureItemsTest" classname="App.Entity.AdventureItemsTest" file="/Users/elena/dbwebb-kurser/mvc/me/report/tests/Entity/AdventureItemsTest.php" line="37" assertions="3" time="0.000841"/>
        <testcase name="testGetAndSetDescription" class="App\Entity\AdventureItemsTest" classname="App.Entity.AdventureItemsTest" file="/Users/elena/dbwebb-kurser/mvc/me/report/tests/Entity/AdventureItemsTest.php" line="49" assertions="2" time="0.001336"/>
        <testcase name="testGetAndSetsPrice" class="App\Entity\AdventureItemsTest" classname="App.Entity.AdventureItemsTest" file="/Users/elena/dbwebb-kurser/mvc/me/report/tests/Entity/AdventureItemsTest.php" line="68" assertions="3" time="0.000824"/>
        <testcase name="testGetAndSetsImage" class="App\Entity\AdventureItemsTest" classname="App.Entity.AdventureItemsTest" file="/Users/elena/dbwebb-kurser/mvc/me/report/tests/Entity/AdventureItemsTest.php" line="81" assertions="2" time="0.000712"/>
        <testcase name="testGetAndSetsRoom" class="App\Entity\AdventureItemsTest" classname="App.Entity.AdventureItemsTest" file="/Users/elena/dbwebb-kurser/mvc/me/report/tests/Entity/AdventureItemsTest.php" line="92" assertions="2" time="0.000693"/>
      </testsuite>
      <testsuite name="App\Entity\AdventureRoomTest" file="/Users/elena/dbwebb-kurser/mvc/me/report/tests/Entity/AdventureRoomTest.php" tests="9" assertions="25" errors="0" warnings="0" failures="0" skipped="0" time="0.010761">
        <testcase name="testCreateObject" class="App\Entity\AdventureRoomTest" classname="App.Entity.AdventureRoomTest" file="/Users/elena/dbwebb-kurser/mvc/me/report/tests/Entity/AdventureRoomTest.php" line="28" assertions="2" time="0.000817"/>
        <testcase name="testGetAndSetName" class="App\Entity\AdventureRoomTest" classname="App.Entity.AdventureRoomTest" file="/Users/elena/dbwebb-kurser/mvc/me/report/tests/Entity/AdventureRoomTest.php" line="37" assertions="3" time="0.000780"/>
        <testcase name="testGetAndSetDescription" class="App\Entity\AdventureRoomTest" classname="App.Entity.AdventureRoomTest" file="/Users/elena/dbwebb-kurser/mvc/me/report/tests/Entity/AdventureRoomTest.php" line="49" assertions="3" time="0.001584"/>
        <testcase name="testGetAndSetImage" class="App\Entity\AdventureRoomTest" classname="App.Entity.AdventureRoomTest" file="/Users/elena/dbwebb-kurser/mvc/me/report/tests/Entity/AdventureRoomTest.php" line="70" assertions="2" time="0.000810"/>
        <testcase name="testGetAndSetNorth" class="App\Entity\AdventureRoomTest" classname="App.Entity.AdventureRoomTest" file="/Users/elena/dbwebb-kurser/mvc/me/report/tests/Entity/AdventureRoomTest.php" line="81" assertions="3" time="0.000969"/>
        <testcase name="testGetAndSetWest" class="App\Entity\AdventureRoomTest" classname="App.Entity.AdventureRoomTest" file="/Users/elena/dbwebb-kurser/mvc/me/report/tests/Entity/AdventureRoomTest.php" line="94" assertions="3" time="0.001743"/>
        <testcase name="testGetAndSetEast" class="App\Entity\AdventureRoomTest" classname="App.Entity.AdventureRoomTest" file="/Users/elena/dbwebb-kurser/mvc/me/report/tests/Entity/AdventureRoomTest.php" line="106" assertions="3" time="0.000753"/>
        <testcase name="testGetAndSetSouth" class="App\Entity\AdventureRoomTest" classname="App.Entity.AdventureRoomTest" file="/Users/elena/dbwebb-kurser/mvc/me/report/tests/Entity/AdventureRoomTest.php" line="118" assertions="3" time="0.000787"/>
        <testcase name="testGetAndSetInspect" class="App\Entity\AdventureRoomTest" classname="App.Entity.AdventureRoomTest" file="/Users/elena/dbwebb-kurser/mvc/me/report/tests/Entity/AdventureRoomTest.php" line="131" assertions="3" time="0.002519"/>
      </testsuite>
      <testsuite name="App\Entity\BookTest" file="/Users/elena/dbwebb-kurser/mvc/me/report/tests/Entity/BookTest.php" tests="5" assertions="6" errors="0" warnings="0" failures="0" skipped="0" time="0.017949">
        <testcase name="testCreateObject" class="App\Entity\BookTest" classname="App.Entity.BookTest" file="/Users/elena/dbwebb-kurser/mvc/me/report/tests/Entity/BookTest.php" line="28" assertions="2" time="0.004686"/>
        <testcase name="testGetAndSetIsbn" class="App\Entity\BookTest" classname="App.Entity.BookTest" file="/Users/elena/dbwebb-kurser/mvc/me/report/tests/Entity/BookTest.php" line="37" assertions="1" time="0.000874"/>
        <testcase name="testGetAndSetTitle" class="App\Entity\BookTest" classname="App.Entity.BookTest" file="/Users/elena/dbwebb-kurser/mvc/me/report/tests/Entity/BookTest.php" line="48" assertions="1" time="0.006035"/>
        <testcase name="testGetAndSetAuthor" class="App\Entity\BookTest" classname="App.Entity.BookTest" file="/Users/elena/dbwebb-kurser/mvc/me/report/tests/Entity/BookTest.php" line="59" assertions="1" time="0.004942"/>
        <testcase name="testGetAndSetImage" class="App\Entity\BookTest" classname="App.Entity.BookTest" file="/Users/elena/dbwebb-kurser/mvc/me/report/tests/Entity/BookTest.php" line="70" assertions="1" time="0.001412"/>
      </testsuite>
      <testsuite name="App\Entity\ProductTest" file="/Users/elena/dbwebb-kurser/mvc/me/report/tests/Entity/ProductTest.php" tests="3" assertions="6" errors="0" warnings="0" failures="0" skipped="0" time="0.009655">
        <testcase name="testCreateObject" class="App\Entity\ProductTest" classname="App.Entity.ProductTest" file="/Users/elena/dbwebb-kurser/mvc/me/report/tests/Entity/ProductTest.php" line="28" assertions="2" time="0.006413"/>
        <testcase name="testGetAndSetName" class="App\Entity\ProductTest" classname="App.Entity.ProductTest" file="/Users/elena/dbwebb-kurser/mvc/me/report/tests/Entity/ProductTest.php" line="37" assertions="2" time="0.002472"/>
        <testcase name="testGetAndSetValue" class="App\Entity\ProductTest" classname="App.Entity.ProductTest" file="/Users/elena/dbwebb-kurser/mvc/me/report/tests/Entity/ProductTest.php" line="48" assertions="2" time="0.000771"/>
      </testsuite>
      <testsuite name="App\Game21\BankTest" file="/Users/elena/dbwebb-kurser/mvc/me/report/tests/Game21/BankTest.php" tests="1" assertions="3" errors="0" warnings="0" failures="0" skipped="0" time="0.019354">
        <testcase name="testCreateObject" class="App\Game21\BankTest" classname="App.Game21.BankTest" file="/Users/elena/dbwebb-kurser/mvc/me/report/tests/Game21/BankTest.php" line="15" assertions="3" time="0.019354"/>
      </testsuite>
      <testsuite name="App\Game21\Game21Test" file="/Users/elena/dbwebb-kurser/mvc/me/report/tests/Game21/Game21Test.php" tests="4" assertions="16" errors="0" warnings="0" failures="0" skipped="0" time="0.025200">
        <testcase name="testCreateObject" class="App\Game21\Game21Test" classname="App.Game21.Game21Test" file="/Users/elena/dbwebb-kurser/mvc/me/report/tests/Game21/Game21Test.php" line="44" assertions="1" time="0.017092"/>
        <testcase name="testPlayerQueueInGame" class="App\Game21\Game21Test" classname="App.Game21.Game21Test" file="/Users/elena/dbwebb-kurser/mvc/me/report/tests/Game21/Game21Test.php" line="53" assertions="6" time="0.002303"/>
        <testcase name="testCurrentPlayerHandIsEmpty" class="App\Game21\Game21Test" classname="App.Game21.Game21Test" file="/Users/elena/dbwebb-kurser/mvc/me/report/tests/Game21/Game21Test.php" line="77" assertions="3" time="0.002321"/>
        <testcase name="testCardDeckInGame" class="App\Game21\Game21Test" classname="App.Game21.Game21Test" file="/Users/elena/dbwebb-kurser/mvc/me/report/tests/Game21/Game21Test.php" line="91" assertions="6" time="0.003484"/>
      </testsuite>
      <testsuite name="App\Game21\PlayerTest" file="/Users/elena/dbwebb-kurser/mvc/me/report/tests/Game21/PlayerTest.php" tests="6" assertions="18" errors="0" warnings="0" failures="0" skipped="0" time="0.008227">
        <testcase name="testCreateObject" class="App\Game21\PlayerTest" classname="App.Game21.PlayerTest" file="/Users/elena/dbwebb-kurser/mvc/me/report/tests/Game21/PlayerTest.php" line="42" assertions="3" time="0.001416"/>
        <testcase name="testMethodReturningHandCount" class="App\Game21\PlayerTest" classname="App.Game21.PlayerTest" file="/Users/elena/dbwebb-kurser/mvc/me/report/tests/Game21/PlayerTest.php" line="52" assertions="2" time="0.000982"/>
        <testcase name="testMethodAddCardToHand" class="App\Game21\PlayerTest" classname="App.Game21.PlayerTest" file="/Users/elena/dbwebb-kurser/mvc/me/report/tests/Game21/PlayerTest.php" line="61" assertions="1" time="0.001963"/>
        <testcase name="testMethodReturningCardHandAsString" class="App\Game21\PlayerTest" classname="App.Game21.PlayerTest" file="/Users/elena/dbwebb-kurser/mvc/me/report/tests/Game21/PlayerTest.php" line="76" assertions="4" time="0.001103"/>
        <testcase name="testMethodReturningCardHandValues" class="App\Game21\PlayerTest" classname="App.Game21.PlayerTest" file="/Users/elena/dbwebb-kurser/mvc/me/report/tests/Game21/PlayerTest.php" line="91" assertions="5" time="0.000934"/>
        <testcase name="testMethodReturningCardHandColors" class="App\Game21\PlayerTest" classname="App.Game21.PlayerTest" file="/Users/elena/dbwebb-kurser/mvc/me/report/tests/Game21/PlayerTest.php" line="107" assertions="3" time="0.001830"/>
      </testsuite>
      <testsuite name="App\Game21\Game21TestWinStatus" file="/Users/elena/dbwebb-kurser/mvc/me/report/tests/Game21/Game21TestWinStatus.php" tests="14" assertions="48" errors="0" warnings="0" failures="0" skipped="0" time="0.037580">
        <testcase name="testHandTotalWithAceLower" class="App\Game21\Game21TestWinStatus" classname="App.Game21.Game21TestWinStatus" file="/Users/elena/dbwebb-kurser/mvc/me/report/tests/Game21/Game21TestWinStatus.php" line="16" assertions="2" time="0.002774"/>
        <testcase name="testHandTotalWithAceGreater" class="App\Game21\Game21TestWinStatus" classname="App.Game21.Game21TestWinStatus" file="/Users/elena/dbwebb-kurser/mvc/me/report/tests/Game21/Game21TestWinStatus.php" line="39" assertions="2" time="0.001914"/>
        <testcase name="testHandTotalWithoutAceLower" class="App\Game21\Game21TestWinStatus" classname="App.Game21.Game21TestWinStatus" file="/Users/elena/dbwebb-kurser/mvc/me/report/tests/Game21/Game21TestWinStatus.php" line="62" assertions="2" time="0.001814"/>
        <testcase name="testHandTotalWithoutAceGreater" class="App\Game21\Game21TestWinStatus" classname="App.Game21.Game21TestWinStatus" file="/Users/elena/dbwebb-kurser/mvc/me/report/tests/Game21/Game21TestWinStatus.php" line="85" assertions="2" time="0.003026"/>
        <testcase name="testNoLoserStatusYet" class="App\Game21\Game21TestWinStatus" classname="App.Game21.Game21TestWinStatus" file="/Users/elena/dbwebb-kurser/mvc/me/report/tests/Game21/Game21TestWinStatus.php" line="108" assertions="4" time="0.002942"/>
        <testcase name="testPlayersHandTotalGreaterThan21" class="App\Game21\Game21TestWinStatus" classname="App.Game21.Game21TestWinStatus" file="/Users/elena/dbwebb-kurser/mvc/me/report/tests/Game21/Game21TestWinStatus.php" line="136" assertions="4" time="0.002983"/>
        <testcase name="testPlayersHandTotalCloserTo21" class="App\Game21\Game21TestWinStatus" classname="App.Game21.Game21TestWinStatus" file="/Users/elena/dbwebb-kurser/mvc/me/report/tests/Game21/Game21TestWinStatus.php" line="164" assertions="4" time="0.001971"/>
        <testcase name="testBanksHandTotalCloserTo21" class="App\Game21\Game21TestWinStatus" classname="App.Game21.Game21TestWinStatus" file="/Users/elena/dbwebb-kurser/mvc/me/report/tests/Game21/Game21TestWinStatus.php" line="200" assertions="4" time="0.004421"/>
        <testcase name="testBanksHandTotalGreaterThan21" class="App\Game21\Game21TestWinStatus" classname="App.Game21.Game21TestWinStatus" file="/Users/elena/dbwebb-kurser/mvc/me/report/tests/Game21/Game21TestWinStatus.php" line="236" assertions="4" time="0.003012"/>
        <testcase name="testHandTotalEqual" class="App\Game21\Game21TestWinStatus" classname="App.Game21.Game21TestWinStatus" file="/Users/elena/dbwebb-kurser/mvc/me/report/tests/Game21/Game21TestWinStatus.php" line="273" assertions="4" time="0.003970"/>
        <testcase name="testCreateObject" class="App\Game21\Game21TestWinStatus" classname="App.Game21.Game21TestWinStatus" file="/Users/elena/dbwebb-kurser/mvc/me/report/tests/Game21/Game21TestWinStatus.php" line="44" assertions="1" time="0.002244"/>
        <testcase name="testPlayerQueueInGame" class="App\Game21\Game21TestWinStatus" classname="App.Game21.Game21TestWinStatus" file="/Users/elena/dbwebb-kurser/mvc/me/report/tests/Game21/Game21TestWinStatus.php" line="53" assertions="6" time="0.001869"/>
        <testcase name="testCurrentPlayerHandIsEmpty" class="App\Game21\Game21TestWinStatus" classname="App.Game21.Game21TestWinStatus" file="/Users/elena/dbwebb-kurser/mvc/me/report/tests/Game21/Game21TestWinStatus.php" line="77" assertions="3" time="0.002576"/>
        <testcase name="testCardDeckInGame" class="App\Game21\Game21TestWinStatus" classname="App.Game21.Game21TestWinStatus" file="/Users/elena/dbwebb-kurser/mvc/me/report/tests/Game21/Game21TestWinStatus.php" line="91" assertions="6" time="0.002063"/>
      </testsuite>
    </testsuite>
  </testsuite>
</testsuites>
