<?xml version="1.0" encoding="UTF-8"?>
<testsuites>
  <testsuite name="" tests="40" assertions="139" errors="0" warnings="0" failures="0" skipped="0" time="0.194941">
    <testsuite name="all" tests="40" assertions="139" errors="0" warnings="0" failures="0" skipped="0" time="0.194941">
      <testsuite name="App\Card\CardCollectionTest" file="/Users/elena/dbwebb-kurser/mvc/me/report/tests/Card/CardCollectionTest.php" tests="8" assertions="31" errors="0" warnings="0" failures="0" skipped="0" time="0.032975">
        <testcase name="testCreateObjectNoArguments" class="App\Card\CardCollectionTest" classname="App.Card.CardCollectionTest" file="/Users/elena/dbwebb-kurser/mvc/me/report/tests/Card/CardCollectionTest.php" line="15" assertions="2" time="0.012212"/>
        <testcase name="testMethodAddCard" class="App\Card\CardCollectionTest" classname="App.Card.CardCollectionTest" file="/Users/elena/dbwebb-kurser/mvc/me/report/tests/Card/CardCollectionTest.php" line="26" assertions="1" time="0.003036"/>
        <testcase name="testMethodRemoveCard" class="App\Card\CardCollectionTest" classname="App.Card.CardCollectionTest" file="/Users/elena/dbwebb-kurser/mvc/me/report/tests/Card/CardCollectionTest.php" line="40" assertions="1" time="0.001146"/>
        <testcase name="testMethodReturningValues" class="App\Card\CardCollectionTest" classname="App.Card.CardCollectionTest" file="/Users/elena/dbwebb-kurser/mvc/me/report/tests/Card/CardCollectionTest.php" line="53" assertions="6" time="0.004378"/>
        <testcase name="testMethodReturningStrings" class="App\Card\CardCollectionTest" classname="App.Card.CardCollectionTest" file="/Users/elena/dbwebb-kurser/mvc/me/report/tests/Card/CardCollectionTest.php" line="77" assertions="5" time="0.002766"/>
        <testcase name="testMethodReturningColors" class="App\Card\CardCollectionTest" classname="App.Card.CardCollectionTest" file="/Users/elena/dbwebb-kurser/mvc/me/report/tests/Card/CardCollectionTest.php" line="100" assertions="5" time="0.003362"/>
        <testcase name="testMethodShuffle" class="App\Card\CardCollectionTest" classname="App.Card.CardCollectionTest" file="/Users/elena/dbwebb-kurser/mvc/me/report/tests/Card/CardCollectionTest.php" line="123" assertions="3" time="0.003133"/>
        <testcase name="testMethodDraw" class="App\Card\CardCollectionTest" classname="App.Card.CardCollectionTest" file="/Users/elena/dbwebb-kurser/mvc/me/report/tests/Card/CardCollectionTest.php" line="144" assertions="8" time="0.002940"/>
      </testsuite>
      <testsuite name="App\Card\CardGraphicTest" file="/Users/elena/dbwebb-kurser/mvc/me/report/tests/Card/CardGraphicTest.php" tests="2" assertions="9" errors="0" warnings="0" failures="0" skipped="0" time="0.007610">
        <testcase name="testCreateObjectNoArguments" class="App\Card\CardGraphicTest" classname="App.Card.CardGraphicTest" file="/Users/elena/dbwebb-kurser/mvc/me/report/tests/Card/CardGraphicTest.php" line="15" assertions="7" time="0.005881"/>
        <testcase name="testMethodReturningCardAsString" class="App\Card\CardGraphicTest" classname="App.Card.CardGraphicTest" file="/Users/elena/dbwebb-kurser/mvc/me/report/tests/Card/CardGraphicTest.php" line="30" assertions="2" time="0.001729"/>
      </testsuite>
      <testsuite name="App\Card\CardTest" file="/Users/elena/dbwebb-kurser/mvc/me/report/tests/Card/CardTest.php" tests="6" assertions="27" errors="0" warnings="0" failures="0" skipped="0" time="0.031809">
        <testcase name="testCreateObjectNoArguments" class="App\Card\CardTest" classname="App.Card.CardTest" file="/Users/elena/dbwebb-kurser/mvc/me/report/tests/Card/CardTest.php" line="15" assertions="7" time="0.004540"/>
        <testcase name="testCreateObjectWithArguments" class="App\Card\CardTest" classname="App.Card.CardTest" file="/Users/elena/dbwebb-kurser/mvc/me/report/tests/Card/CardTest.php" line="30" assertions="9" time="0.001875"/>
        <testcase name="testMethodReturningCardValue" class="App\Card\CardTest" classname="App.Card.CardTest" file="/Users/elena/dbwebb-kurser/mvc/me/report/tests/Card/CardTest.php" line="50" assertions="6" time="0.008429"/>
        <testcase name="testMethodReturningCardValuesAsString" class="App\Card\CardTest" classname="App.Card.CardTest" file="/Users/elena/dbwebb-kurser/mvc/me/report/tests/Card/CardTest.php" line="87" assertions="2" time="0.002329"/>
        <testcase name="testMethodReturningCardColor" class="App\Card\CardTest" classname="App.Card.CardTest" file="/Users/elena/dbwebb-kurser/mvc/me/report/tests/Card/CardTest.php" line="102" assertions="2" time="0.002051"/>
        <testcase name="testMethodDraw" class="App\Card\CardTest" classname="App.Card.CardTest" file="/Users/elena/dbwebb-kurser/mvc/me/report/tests/Card/CardTest.php" line="122" assertions="1" time="0.012586"/>
      </testsuite>
      <testsuite name="App\Card\DeckOfCardsTest" file="/Users/elena/dbwebb-kurser/mvc/me/report/tests/Card/DeckOfCardsTest.php" tests="3" assertions="3" errors="0" warnings="0" failures="0" skipped="0" time="0.022648">
        <testcase name="testCreateObjectNoArguments" class="App\Card\DeckOfCardsTest" classname="App.Card.DeckOfCardsTest" file="/Users/elena/dbwebb-kurser/mvc/me/report/tests/Card/DeckOfCardsTest.php" line="32" assertions="1" time="0.012416"/>
        <testcase name="testCompleteDeck" class="App\Card\DeckOfCardsTest" classname="App.Card.DeckOfCardsTest" file="/Users/elena/dbwebb-kurser/mvc/me/report/tests/Card/DeckOfCardsTest.php" line="41" assertions="1" time="0.002194"/>
        <testcase name="testIncompleteDeck" class="App\Card\DeckOfCardsTest" classname="App.Card.DeckOfCardsTest" file="/Users/elena/dbwebb-kurser/mvc/me/report/tests/Card/DeckOfCardsTest.php" line="49" assertions="1" time="0.008038"/>
      </testsuite>
      <testsuite name="App\Game21\BankTest" file="/Users/elena/dbwebb-kurser/mvc/me/report/tests/Game21/BankTest.php" tests="1" assertions="3" errors="0" warnings="0" failures="0" skipped="0" time="0.003553">
        <testcase name="testCreateObject" class="App\Game21\BankTest" classname="App.Game21.BankTest" file="/Users/elena/dbwebb-kurser/mvc/me/report/tests/Game21/BankTest.php" line="15" assertions="3" time="0.003553"/>
      </testsuite>
      <testsuite name="App\Game21\Game21Test" file="/Users/elena/dbwebb-kurser/mvc/me/report/tests/Game21/Game21Test.php" tests="14" assertions="48" errors="0" warnings="0" failures="0" skipped="0" time="0.086788">
        <testcase name="testCreateObject" class="App\Game21\Game21Test" classname="App.Game21.Game21Test" file="/Users/elena/dbwebb-kurser/mvc/me/report/tests/Game21/Game21Test.php" line="44" assertions="1" time="0.004573"/>
        <testcase name="testPlayerQueueInGame" class="App\Game21\Game21Test" classname="App.Game21.Game21Test" file="/Users/elena/dbwebb-kurser/mvc/me/report/tests/Game21/Game21Test.php" line="53" assertions="6" time="0.007842"/>
        <testcase name="testCurrentPlayerHandIsEmpty" class="App\Game21\Game21Test" classname="App.Game21.Game21Test" file="/Users/elena/dbwebb-kurser/mvc/me/report/tests/Game21/Game21Test.php" line="77" assertions="3" time="0.007178"/>
        <testcase name="testCardDeckInGame" class="App\Game21\Game21Test" classname="App.Game21.Game21Test" file="/Users/elena/dbwebb-kurser/mvc/me/report/tests/Game21/Game21Test.php" line="91" assertions="6" time="0.012876"/>
        <testcase name="testHandTotalWithAceLower" class="App\Game21\Game21Test" classname="App.Game21.Game21Test" file="/Users/elena/dbwebb-kurser/mvc/me/report/tests/Game21/Game21Test.php" line="112" assertions="2" time="0.015707"/>
        <testcase name="testHandTotalWithAceGreater" class="App\Game21\Game21Test" classname="App.Game21.Game21Test" file="/Users/elena/dbwebb-kurser/mvc/me/report/tests/Game21/Game21Test.php" line="135" assertions="2" time="0.008778"/>
        <testcase name="testHandTotalWithoutAceLower" class="App\Game21\Game21Test" classname="App.Game21.Game21Test" file="/Users/elena/dbwebb-kurser/mvc/me/report/tests/Game21/Game21Test.php" line="158" assertions="2" time="0.002589"/>
        <testcase name="testHandTotalWithoutAceGreater" class="App\Game21\Game21Test" classname="App.Game21.Game21Test" file="/Users/elena/dbwebb-kurser/mvc/me/report/tests/Game21/Game21Test.php" line="181" assertions="2" time="0.003589"/>
        <testcase name="testNoLoserStatusYet" class="App\Game21\Game21Test" classname="App.Game21.Game21Test" file="/Users/elena/dbwebb-kurser/mvc/me/report/tests/Game21/Game21Test.php" line="204" assertions="4" time="0.002295"/>
        <testcase name="testPlayersHandTotalGreaterThan21" class="App\Game21\Game21Test" classname="App.Game21.Game21Test" file="/Users/elena/dbwebb-kurser/mvc/me/report/tests/Game21/Game21Test.php" line="232" assertions="4" time="0.011593"/>
        <testcase name="testPlayersHandTotalCloserTo21" class="App\Game21\Game21Test" classname="App.Game21.Game21Test" file="/Users/elena/dbwebb-kurser/mvc/me/report/tests/Game21/Game21Test.php" line="260" assertions="4" time="0.002490"/>
        <testcase name="testBanksHandTotalCloserTo21" class="App\Game21\Game21Test" classname="App.Game21.Game21Test" file="/Users/elena/dbwebb-kurser/mvc/me/report/tests/Game21/Game21Test.php" line="296" assertions="4" time="0.002322"/>
        <testcase name="testBanksHandTotalGreaterThan21" class="App\Game21\Game21Test" classname="App.Game21.Game21Test" file="/Users/elena/dbwebb-kurser/mvc/me/report/tests/Game21/Game21Test.php" line="332" assertions="4" time="0.002246"/>
        <testcase name="testHandTotalEqual" class="App\Game21\Game21Test" classname="App.Game21.Game21Test" file="/Users/elena/dbwebb-kurser/mvc/me/report/tests/Game21/Game21Test.php" line="369" assertions="4" time="0.002709"/>
      </testsuite>
      <testsuite name="App\Game21\PlayerTest" file="/Users/elena/dbwebb-kurser/mvc/me/report/tests/Game21/PlayerTest.php" tests="6" assertions="18" errors="0" warnings="0" failures="0" skipped="0" time="0.009559">
        <testcase name="testCreateObject" class="App\Game21\PlayerTest" classname="App.Game21.PlayerTest" file="/Users/elena/dbwebb-kurser/mvc/me/report/tests/Game21/PlayerTest.php" line="42" assertions="3" time="0.001017"/>
        <testcase name="testMethodReturningHandCount" class="App\Game21\PlayerTest" classname="App.Game21.PlayerTest" file="/Users/elena/dbwebb-kurser/mvc/me/report/tests/Game21/PlayerTest.php" line="52" assertions="2" time="0.001333"/>
        <testcase name="testMethodAddCardToHand" class="App\Game21\PlayerTest" classname="App.Game21.PlayerTest" file="/Users/elena/dbwebb-kurser/mvc/me/report/tests/Game21/PlayerTest.php" line="61" assertions="1" time="0.001862"/>
        <testcase name="testMethodReturningCardHandAsString" class="App\Game21\PlayerTest" classname="App.Game21.PlayerTest" file="/Users/elena/dbwebb-kurser/mvc/me/report/tests/Game21/PlayerTest.php" line="76" assertions="4" time="0.002383"/>
        <testcase name="testMethodReturningCardHandValues" class="App\Game21\PlayerTest" classname="App.Game21.PlayerTest" file="/Users/elena/dbwebb-kurser/mvc/me/report/tests/Game21/PlayerTest.php" line="91" assertions="5" time="0.001952"/>
        <testcase name="testMethodReturningCardHandColors" class="App\Game21\PlayerTest" classname="App.Game21.PlayerTest" file="/Users/elena/dbwebb-kurser/mvc/me/report/tests/Game21/PlayerTest.php" line="107" assertions="3" time="0.001012"/>
      </testsuite>
    </testsuite>
  </testsuite>
</testsuites>
