<?xml version="1.0" encoding="UTF-8"?>
<testsuites>
  <testsuite name="" tests="89" assertions="270" errors="0" warnings="0" failures="0" skipped="0" time="0.274967">
    <testsuite name="all" tests="89" assertions="270" errors="0" warnings="0" failures="0" skipped="0" time="0.274967">
      <testsuite name="App\AdventureGame\GameTest" file="/Users/elena/dbwebb-kurser/mvc/me/report/tests/AdventureGame/GameTest.php" tests="22" assertions="65" errors="0" warnings="0" failures="0" skipped="0" time="0.055383">
        <testcase name="testCreateObject" class="App\AdventureGame\GameTest" classname="App.AdventureGame.GameTest" file="/Users/elena/dbwebb-kurser/mvc/me/report/tests/AdventureGame/GameTest.php" line="59" assertions="1" time="0.015315"/>
        <testcase name="testGetCurrentRoom" class="App\AdventureGame\GameTest" classname="App.AdventureGame.GameTest" file="/Users/elena/dbwebb-kurser/mvc/me/report/tests/AdventureGame/GameTest.php" line="67" assertions="2" time="0.001518"/>
        <testcase name="testGetCurrentRoomItems" class="App\AdventureGame\GameTest" classname="App.AdventureGame.GameTest" file="/Users/elena/dbwebb-kurser/mvc/me/report/tests/AdventureGame/GameTest.php" line="78" assertions="3" time="0.003170"/>
        <testcase name="testSetRoomTo" class="App\AdventureGame\GameTest" classname="App.AdventureGame.GameTest" file="/Users/elena/dbwebb-kurser/mvc/me/report/tests/AdventureGame/GameTest.php" line="90" assertions="1" time="0.004142"/>
        <testcase name="testGetVisitedRooms" class="App\AdventureGame\GameTest" classname="App.AdventureGame.GameTest" file="/Users/elena/dbwebb-kurser/mvc/me/report/tests/AdventureGame/GameTest.php" line="103" assertions="7" time="0.001707"/>
        <testcase name="testGetDirections" class="App\AdventureGame\GameTest" classname="App.AdventureGame.GameTest" file="/Users/elena/dbwebb-kurser/mvc/me/report/tests/AdventureGame/GameTest.php" line="124" assertions="5" time="0.002214"/>
        <testcase name="testCheckValidDirection" class="App\AdventureGame\GameTest" classname="App.AdventureGame.GameTest" file="/Users/elena/dbwebb-kurser/mvc/me/report/tests/AdventureGame/GameTest.php" line="150" assertions="3" time="0.002667"/>
        <testcase name="testGetDirectionsAsString" class="App\AdventureGame\GameTest" classname="App.AdventureGame.GameTest" file="/Users/elena/dbwebb-kurser/mvc/me/report/tests/AdventureGame/GameTest.php" line="172" assertions="4" time="0.001417"/>
        <testcase name="testGetLocationOfDirection" class="App\AdventureGame\GameTest" classname="App.AdventureGame.GameTest" file="/Users/elena/dbwebb-kurser/mvc/me/report/tests/AdventureGame/GameTest.php" line="185" assertions="4" time="0.001786"/>
        <testcase name="testGetBasketEmpty" class="App\AdventureGame\GameTest" classname="App.AdventureGame.GameTest" file="/Users/elena/dbwebb-kurser/mvc/me/report/tests/AdventureGame/GameTest.php" line="196" assertions="1" time="0.002350"/>
        <testcase name="testPickUpOne" class="App\AdventureGame\GameTest" classname="App.AdventureGame.GameTest" file="/Users/elena/dbwebb-kurser/mvc/me/report/tests/AdventureGame/GameTest.php" line="204" assertions="2" time="0.001168"/>
        <testcase name="testPickUpMany" class="App\AdventureGame\GameTest" classname="App.AdventureGame.GameTest" file="/Users/elena/dbwebb-kurser/mvc/me/report/tests/AdventureGame/GameTest.php" line="215" assertions="2" time="0.002234"/>
        <testcase name="testPutDownEmpty" class="App\AdventureGame\GameTest" classname="App.AdventureGame.GameTest" file="/Users/elena/dbwebb-kurser/mvc/me/report/tests/AdventureGame/GameTest.php" line="232" assertions="2" time="0.001646"/>
        <testcase name="testPutDownNotExist" class="App\AdventureGame\GameTest" classname="App.AdventureGame.GameTest" file="/Users/elena/dbwebb-kurser/mvc/me/report/tests/AdventureGame/GameTest.php" line="243" assertions="2" time="0.001555"/>
        <testcase name="testPutDownExist" class="App\AdventureGame\GameTest" classname="App.AdventureGame.GameTest" file="/Users/elena/dbwebb-kurser/mvc/me/report/tests/AdventureGame/GameTest.php" line="256" assertions="2" time="0.001071"/>
        <testcase name="testCheckItemInBasket" class="App\AdventureGame\GameTest" classname="App.AdventureGame.GameTest" file="/Users/elena/dbwebb-kurser/mvc/me/report/tests/AdventureGame/GameTest.php" line="269" assertions="3" time="0.001922"/>
        <testcase name="testCheckIngredients" class="App\AdventureGame\GameTest" classname="App.AdventureGame.GameTest" file="/Users/elena/dbwebb-kurser/mvc/me/report/tests/AdventureGame/GameTest.php" line="284" assertions="3" time="0.001995"/>
        <testcase name="testInspectRoom" class="App\AdventureGame\GameTest" classname="App.AdventureGame.GameTest" file="/Users/elena/dbwebb-kurser/mvc/me/report/tests/AdventureGame/GameTest.php" line="317" assertions="3" time="0.001095"/>
        <testcase name="testInspectItem" class="App\AdventureGame\GameTest" classname="App.AdventureGame.GameTest" file="/Users/elena/dbwebb-kurser/mvc/me/report/tests/AdventureGame/GameTest.php" line="329" assertions="3" time="0.001782"/>
        <testcase name="testInspectBasketItem" class="App\AdventureGame\GameTest" classname="App.AdventureGame.GameTest" file="/Users/elena/dbwebb-kurser/mvc/me/report/tests/AdventureGame/GameTest.php" line="341" assertions="3" time="0.001530"/>
        <testcase name="testInspectEmptyInput" class="App\AdventureGame\GameTest" classname="App.AdventureGame.GameTest" file="/Users/elena/dbwebb-kurser/mvc/me/report/tests/AdventureGame/GameTest.php" line="355" assertions="3" time="0.001289"/>
        <testcase name="testGetActions" class="App\AdventureGame\GameTest" classname="App.AdventureGame.GameTest" file="/Users/elena/dbwebb-kurser/mvc/me/report/tests/AdventureGame/GameTest.php" line="367" assertions="6" time="0.001810"/>
      </testsuite>
      <testsuite name="App\Card\CardCollectionTest" file="/Users/elena/dbwebb-kurser/mvc/me/report/tests/Card/CardCollectionTest.php" tests="8" assertions="30" errors="0" warnings="0" failures="0" skipped="0" time="0.031103">
        <testcase name="testCreateObjectNoArguments" class="App\Card\CardCollectionTest" classname="App.Card.CardCollectionTest" file="/Users/elena/dbwebb-kurser/mvc/me/report/tests/Card/CardCollectionTest.php" line="15" assertions="2" time="0.003506"/>
        <testcase name="testMethodAddCard" class="App\Card\CardCollectionTest" classname="App.Card.CardCollectionTest" file="/Users/elena/dbwebb-kurser/mvc/me/report/tests/Card/CardCollectionTest.php" line="26" assertions="1" time="0.010701"/>
        <testcase name="testMethodRemoveCard" class="App\Card\CardCollectionTest" classname="App.Card.CardCollectionTest" file="/Users/elena/dbwebb-kurser/mvc/me/report/tests/Card/CardCollectionTest.php" line="40" assertions="1" time="0.001538"/>
        <testcase name="testMethodReturningValues" class="App\Card\CardCollectionTest" classname="App.Card.CardCollectionTest" file="/Users/elena/dbwebb-kurser/mvc/me/report/tests/Card/CardCollectionTest.php" line="53" assertions="6" time="0.001362"/>
        <testcase name="testMethodReturningStrings" class="App\Card\CardCollectionTest" classname="App.Card.CardCollectionTest" file="/Users/elena/dbwebb-kurser/mvc/me/report/tests/Card/CardCollectionTest.php" line="77" assertions="5" time="0.004174"/>
        <testcase name="testMethodReturningColors" class="App\Card\CardCollectionTest" classname="App.Card.CardCollectionTest" file="/Users/elena/dbwebb-kurser/mvc/me/report/tests/Card/CardCollectionTest.php" line="100" assertions="5" time="0.003507"/>
        <testcase name="testMethodShuffle" class="App\Card\CardCollectionTest" classname="App.Card.CardCollectionTest" file="/Users/elena/dbwebb-kurser/mvc/me/report/tests/Card/CardCollectionTest.php" line="123" assertions="2" time="0.002779"/>
        <testcase name="testMethodDraw" class="App\Card\CardCollectionTest" classname="App.Card.CardCollectionTest" file="/Users/elena/dbwebb-kurser/mvc/me/report/tests/Card/CardCollectionTest.php" line="149" assertions="8" time="0.003536"/>
      </testsuite>
      <testsuite name="App\Card\CardGraphicTest" file="/Users/elena/dbwebb-kurser/mvc/me/report/tests/Card/CardGraphicTest.php" tests="2" assertions="9" errors="0" warnings="0" failures="0" skipped="0" time="0.005004">
        <testcase name="testCreateObjectNoArguments" class="App\Card\CardGraphicTest" classname="App.Card.CardGraphicTest" file="/Users/elena/dbwebb-kurser/mvc/me/report/tests/Card/CardGraphicTest.php" line="15" assertions="7" time="0.004184"/>
        <testcase name="testMethodReturningCardAsString" class="App\Card\CardGraphicTest" classname="App.Card.CardGraphicTest" file="/Users/elena/dbwebb-kurser/mvc/me/report/tests/Card/CardGraphicTest.php" line="30" assertions="2" time="0.000820"/>
      </testsuite>
      <testsuite name="App\Card\CardTest" file="/Users/elena/dbwebb-kurser/mvc/me/report/tests/Card/CardTest.php" tests="6" assertions="27" errors="0" warnings="0" failures="0" skipped="0" time="0.008017">
        <testcase name="testCreateObjectNoArguments" class="App\Card\CardTest" classname="App.Card.CardTest" file="/Users/elena/dbwebb-kurser/mvc/me/report/tests/Card/CardTest.php" line="15" assertions="7" time="0.000878"/>
        <testcase name="testCreateObjectWithArguments" class="App\Card\CardTest" classname="App.Card.CardTest" file="/Users/elena/dbwebb-kurser/mvc/me/report/tests/Card/CardTest.php" line="30" assertions="9" time="0.000852"/>
        <testcase name="testMethodReturningCardValue" class="App\Card\CardTest" classname="App.Card.CardTest" file="/Users/elena/dbwebb-kurser/mvc/me/report/tests/Card/CardTest.php" line="50" assertions="6" time="0.002104"/>
        <testcase name="testMethodReturningCardValuesAsString" class="App\Card\CardTest" classname="App.Card.CardTest" file="/Users/elena/dbwebb-kurser/mvc/me/report/tests/Card/CardTest.php" line="87" assertions="2" time="0.001620"/>
        <testcase name="testMethodReturningCardColor" class="App\Card\CardTest" classname="App.Card.CardTest" file="/Users/elena/dbwebb-kurser/mvc/me/report/tests/Card/CardTest.php" line="102" assertions="2" time="0.001779"/>
        <testcase name="testMethodDraw" class="App\Card\CardTest" classname="App.Card.CardTest" file="/Users/elena/dbwebb-kurser/mvc/me/report/tests/Card/CardTest.php" line="122" assertions="1" time="0.000784"/>
      </testsuite>
      <testsuite name="App\Card\DeckOfCardsTest" file="/Users/elena/dbwebb-kurser/mvc/me/report/tests/Card/DeckOfCardsTest.php" tests="3" assertions="3" errors="0" warnings="0" failures="0" skipped="0" time="0.007100">
        <testcase name="testCreateObjectNoArguments" class="App\Card\DeckOfCardsTest" classname="App.Card.DeckOfCardsTest" file="/Users/elena/dbwebb-kurser/mvc/me/report/tests/Card/DeckOfCardsTest.php" line="32" assertions="1" time="0.003769"/>
        <testcase name="testCompleteDeck" class="App\Card\DeckOfCardsTest" classname="App.Card.DeckOfCardsTest" file="/Users/elena/dbwebb-kurser/mvc/me/report/tests/Card/DeckOfCardsTest.php" line="41" assertions="1" time="0.001697"/>
        <testcase name="testIncompleteDeck" class="App\Card\DeckOfCardsTest" classname="App.Card.DeckOfCardsTest" file="/Users/elena/dbwebb-kurser/mvc/me/report/tests/Card/DeckOfCardsTest.php" line="49" assertions="1" time="0.001634"/>
      </testsuite>
      <testsuite name="App\Entity\AdventureItemsTest" file="/Users/elena/dbwebb-kurser/mvc/me/report/tests/Entity/AdventureItemsTest.php" tests="6" assertions="14" errors="0" warnings="0" failures="0" skipped="0" time="0.008132">
        <testcase name="testCreateObject" class="App\Entity\AdventureItemsTest" classname="App.Entity.AdventureItemsTest" file="/Users/elena/dbwebb-kurser/mvc/me/report/tests/Entity/AdventureItemsTest.php" line="28" assertions="2" time="0.003848"/>
        <testcase name="testGetAndSetName" class="App\Entity\AdventureItemsTest" classname="App.Entity.AdventureItemsTest" file="/Users/elena/dbwebb-kurser/mvc/me/report/tests/Entity/AdventureItemsTest.php" line="37" assertions="3" time="0.000770"/>
        <testcase name="testGetAndSetDescription" class="App\Entity\AdventureItemsTest" classname="App.Entity.AdventureItemsTest" file="/Users/elena/dbwebb-kurser/mvc/me/report/tests/Entity/AdventureItemsTest.php" line="49" assertions="2" time="0.000706"/>
        <testcase name="testGetAndSetsPrice" class="App\Entity\AdventureItemsTest" classname="App.Entity.AdventureItemsTest" file="/Users/elena/dbwebb-kurser/mvc/me/report/tests/Entity/AdventureItemsTest.php" line="68" assertions="3" time="0.000729"/>
        <testcase name="testGetAndSetsImage" class="App\Entity\AdventureItemsTest" classname="App.Entity.AdventureItemsTest" file="/Users/elena/dbwebb-kurser/mvc/me/report/tests/Entity/AdventureItemsTest.php" line="81" assertions="2" time="0.000703"/>
        <testcase name="testGetAndSetsRoom" class="App\Entity\AdventureItemsTest" classname="App.Entity.AdventureItemsTest" file="/Users/elena/dbwebb-kurser/mvc/me/report/tests/Entity/AdventureItemsTest.php" line="92" assertions="2" time="0.001376"/>
      </testsuite>
      <testsuite name="App\Entity\AdventureRoomTest" file="/Users/elena/dbwebb-kurser/mvc/me/report/tests/Entity/AdventureRoomTest.php" tests="9" assertions="25" errors="0" warnings="0" failures="0" skipped="0" time="0.027960">
        <testcase name="testCreateObject" class="App\Entity\AdventureRoomTest" classname="App.Entity.AdventureRoomTest" file="/Users/elena/dbwebb-kurser/mvc/me/report/tests/Entity/AdventureRoomTest.php" line="28" assertions="2" time="0.000730"/>
        <testcase name="testGetAndSetName" class="App\Entity\AdventureRoomTest" classname="App.Entity.AdventureRoomTest" file="/Users/elena/dbwebb-kurser/mvc/me/report/tests/Entity/AdventureRoomTest.php" line="37" assertions="3" time="0.018389"/>
        <testcase name="testGetAndSetDescription" class="App\Entity\AdventureRoomTest" classname="App.Entity.AdventureRoomTest" file="/Users/elena/dbwebb-kurser/mvc/me/report/tests/Entity/AdventureRoomTest.php" line="49" assertions="3" time="0.002092"/>
        <testcase name="testGetAndSetImage" class="App\Entity\AdventureRoomTest" classname="App.Entity.AdventureRoomTest" file="/Users/elena/dbwebb-kurser/mvc/me/report/tests/Entity/AdventureRoomTest.php" line="70" assertions="2" time="0.000786"/>
        <testcase name="testGetAndSetNorth" class="App\Entity\AdventureRoomTest" classname="App.Entity.AdventureRoomTest" file="/Users/elena/dbwebb-kurser/mvc/me/report/tests/Entity/AdventureRoomTest.php" line="81" assertions="3" time="0.000747"/>
        <testcase name="testGetAndSetWest" class="App\Entity\AdventureRoomTest" classname="App.Entity.AdventureRoomTest" file="/Users/elena/dbwebb-kurser/mvc/me/report/tests/Entity/AdventureRoomTest.php" line="94" assertions="3" time="0.000739"/>
        <testcase name="testGetAndSetEast" class="App\Entity\AdventureRoomTest" classname="App.Entity.AdventureRoomTest" file="/Users/elena/dbwebb-kurser/mvc/me/report/tests/Entity/AdventureRoomTest.php" line="106" assertions="3" time="0.000721"/>
        <testcase name="testGetAndSetSouth" class="App\Entity\AdventureRoomTest" classname="App.Entity.AdventureRoomTest" file="/Users/elena/dbwebb-kurser/mvc/me/report/tests/Entity/AdventureRoomTest.php" line="118" assertions="3" time="0.000721"/>
        <testcase name="testGetAndSetInspect" class="App\Entity\AdventureRoomTest" classname="App.Entity.AdventureRoomTest" file="/Users/elena/dbwebb-kurser/mvc/me/report/tests/Entity/AdventureRoomTest.php" line="131" assertions="3" time="0.003035"/>
      </testsuite>
      <testsuite name="App\Entity\BookTest" file="/Users/elena/dbwebb-kurser/mvc/me/report/tests/Entity/BookTest.php" tests="5" assertions="6" errors="0" warnings="0" failures="0" skipped="0" time="0.006447">
        <testcase name="testCreateObject" class="App\Entity\BookTest" classname="App.Entity.BookTest" file="/Users/elena/dbwebb-kurser/mvc/me/report/tests/Entity/BookTest.php" line="28" assertions="2" time="0.003567"/>
        <testcase name="testGetAndSetIsbn" class="App\Entity\BookTest" classname="App.Entity.BookTest" file="/Users/elena/dbwebb-kurser/mvc/me/report/tests/Entity/BookTest.php" line="37" assertions="1" time="0.000731"/>
        <testcase name="testGetAndSetTitle" class="App\Entity\BookTest" classname="App.Entity.BookTest" file="/Users/elena/dbwebb-kurser/mvc/me/report/tests/Entity/BookTest.php" line="48" assertions="1" time="0.000665"/>
        <testcase name="testGetAndSetAuthor" class="App\Entity\BookTest" classname="App.Entity.BookTest" file="/Users/elena/dbwebb-kurser/mvc/me/report/tests/Entity/BookTest.php" line="59" assertions="1" time="0.000660"/>
        <testcase name="testGetAndSetImage" class="App\Entity\BookTest" classname="App.Entity.BookTest" file="/Users/elena/dbwebb-kurser/mvc/me/report/tests/Entity/BookTest.php" line="70" assertions="1" time="0.000825"/>
      </testsuite>
      <testsuite name="App\Entity\ProductTest" file="/Users/elena/dbwebb-kurser/mvc/me/report/tests/Entity/ProductTest.php" tests="3" assertions="6" errors="0" warnings="0" failures="0" skipped="0" time="0.004577">
        <testcase name="testCreateObject" class="App\Entity\ProductTest" classname="App.Entity.ProductTest" file="/Users/elena/dbwebb-kurser/mvc/me/report/tests/Entity/ProductTest.php" line="28" assertions="2" time="0.003048"/>
        <testcase name="testGetAndSetName" class="App\Entity\ProductTest" classname="App.Entity.ProductTest" file="/Users/elena/dbwebb-kurser/mvc/me/report/tests/Entity/ProductTest.php" line="37" assertions="2" time="0.000726"/>
        <testcase name="testGetAndSetValue" class="App\Entity\ProductTest" classname="App.Entity.ProductTest" file="/Users/elena/dbwebb-kurser/mvc/me/report/tests/Entity/ProductTest.php" line="48" assertions="2" time="0.000803"/>
      </testsuite>
      <testsuite name="App\Game21\BankTest" file="/Users/elena/dbwebb-kurser/mvc/me/report/tests/Game21/BankTest.php" tests="1" assertions="3" errors="0" warnings="0" failures="0" skipped="0" time="0.006664">
        <testcase name="testCreateObject" class="App\Game21\BankTest" classname="App.Game21.BankTest" file="/Users/elena/dbwebb-kurser/mvc/me/report/tests/Game21/BankTest.php" line="15" assertions="3" time="0.006664"/>
      </testsuite>
      <testsuite name="App\Game21\Game21Test" file="/Users/elena/dbwebb-kurser/mvc/me/report/tests/Game21/Game21Test.php" tests="4" assertions="16" errors="0" warnings="0" failures="0" skipped="0" time="0.022174">
        <testcase name="testCreateObject" class="App\Game21\Game21Test" classname="App.Game21.Game21Test" file="/Users/elena/dbwebb-kurser/mvc/me/report/tests/Game21/Game21Test.php" line="44" assertions="1" time="0.011717"/>
        <testcase name="testPlayerQueueInGame" class="App\Game21\Game21Test" classname="App.Game21.Game21Test" file="/Users/elena/dbwebb-kurser/mvc/me/report/tests/Game21/Game21Test.php" line="53" assertions="6" time="0.002168"/>
        <testcase name="testCurrentPlayerHandIsEmpty" class="App\Game21\Game21Test" classname="App.Game21.Game21Test" file="/Users/elena/dbwebb-kurser/mvc/me/report/tests/Game21/Game21Test.php" line="77" assertions="3" time="0.004910"/>
        <testcase name="testCardDeckInGame" class="App\Game21\Game21Test" classname="App.Game21.Game21Test" file="/Users/elena/dbwebb-kurser/mvc/me/report/tests/Game21/Game21Test.php" line="91" assertions="6" time="0.003380"/>
      </testsuite>
      <testsuite name="App\Game21\PlayerTest" file="/Users/elena/dbwebb-kurser/mvc/me/report/tests/Game21/PlayerTest.php" tests="6" assertions="18" errors="0" warnings="0" failures="0" skipped="0" time="0.011206">
        <testcase name="testCreateObject" class="App\Game21\PlayerTest" classname="App.Game21.PlayerTest" file="/Users/elena/dbwebb-kurser/mvc/me/report/tests/Game21/PlayerTest.php" line="42" assertions="3" time="0.004225"/>
        <testcase name="testMethodReturningHandCount" class="App\Game21\PlayerTest" classname="App.Game21.PlayerTest" file="/Users/elena/dbwebb-kurser/mvc/me/report/tests/Game21/PlayerTest.php" line="52" assertions="2" time="0.001507"/>
        <testcase name="testMethodAddCardToHand" class="App\Game21\PlayerTest" classname="App.Game21.PlayerTest" file="/Users/elena/dbwebb-kurser/mvc/me/report/tests/Game21/PlayerTest.php" line="61" assertions="1" time="0.001733"/>
        <testcase name="testMethodReturningCardHandAsString" class="App\Game21\PlayerTest" classname="App.Game21.PlayerTest" file="/Users/elena/dbwebb-kurser/mvc/me/report/tests/Game21/PlayerTest.php" line="76" assertions="4" time="0.001094"/>
        <testcase name="testMethodReturningCardHandValues" class="App\Game21\PlayerTest" classname="App.Game21.PlayerTest" file="/Users/elena/dbwebb-kurser/mvc/me/report/tests/Game21/PlayerTest.php" line="91" assertions="5" time="0.001107"/>
        <testcase name="testMethodReturningCardHandColors" class="App\Game21\PlayerTest" classname="App.Game21.PlayerTest" file="/Users/elena/dbwebb-kurser/mvc/me/report/tests/Game21/PlayerTest.php" line="107" assertions="3" time="0.001540"/>
      </testsuite>
      <testsuite name="App\Game21\Game21TestWinStatus" file="/Users/elena/dbwebb-kurser/mvc/me/report/tests/Game21/Game21TestWinStatus.php" tests="14" assertions="48" errors="0" warnings="0" failures="0" skipped="0" time="0.081200">
        <testcase name="testHandTotalWithAceLower" class="App\Game21\Game21TestWinStatus" classname="App.Game21.Game21TestWinStatus" file="/Users/elena/dbwebb-kurser/mvc/me/report/tests/Game21/Game21TestWinStatus.php" line="16" assertions="2" time="0.003684"/>
        <testcase name="testHandTotalWithAceGreater" class="App\Game21\Game21TestWinStatus" classname="App.Game21.Game21TestWinStatus" file="/Users/elena/dbwebb-kurser/mvc/me/report/tests/Game21/Game21TestWinStatus.php" line="39" assertions="2" time="0.003121"/>
        <testcase name="testHandTotalWithoutAceLower" class="App\Game21\Game21TestWinStatus" classname="App.Game21.Game21TestWinStatus" file="/Users/elena/dbwebb-kurser/mvc/me/report/tests/Game21/Game21TestWinStatus.php" line="62" assertions="2" time="0.003487"/>
        <testcase name="testHandTotalWithoutAceGreater" class="App\Game21\Game21TestWinStatus" classname="App.Game21.Game21TestWinStatus" file="/Users/elena/dbwebb-kurser/mvc/me/report/tests/Game21/Game21TestWinStatus.php" line="85" assertions="2" time="0.003520"/>
        <testcase name="testNoLoserStatusYet" class="App\Game21\Game21TestWinStatus" classname="App.Game21.Game21TestWinStatus" file="/Users/elena/dbwebb-kurser/mvc/me/report/tests/Game21/Game21TestWinStatus.php" line="108" assertions="4" time="0.006288"/>
        <testcase name="testPlayersHandTotalGreaterThan21" class="App\Game21\Game21TestWinStatus" classname="App.Game21.Game21TestWinStatus" file="/Users/elena/dbwebb-kurser/mvc/me/report/tests/Game21/Game21TestWinStatus.php" line="136" assertions="4" time="0.003911"/>
        <testcase name="testPlayersHandTotalCloserTo21" class="App\Game21\Game21TestWinStatus" classname="App.Game21.Game21TestWinStatus" file="/Users/elena/dbwebb-kurser/mvc/me/report/tests/Game21/Game21TestWinStatus.php" line="164" assertions="4" time="0.011735"/>
        <testcase name="testBanksHandTotalCloserTo21" class="App\Game21\Game21TestWinStatus" classname="App.Game21.Game21TestWinStatus" file="/Users/elena/dbwebb-kurser/mvc/me/report/tests/Game21/Game21TestWinStatus.php" line="200" assertions="4" time="0.010554"/>
        <testcase name="testBanksHandTotalGreaterThan21" class="App\Game21\Game21TestWinStatus" classname="App.Game21.Game21TestWinStatus" file="/Users/elena/dbwebb-kurser/mvc/me/report/tests/Game21/Game21TestWinStatus.php" line="236" assertions="4" time="0.011870"/>
        <testcase name="testHandTotalEqual" class="App\Game21\Game21TestWinStatus" classname="App.Game21.Game21TestWinStatus" file="/Users/elena/dbwebb-kurser/mvc/me/report/tests/Game21/Game21TestWinStatus.php" line="273" assertions="4" time="0.002070"/>
        <testcase name="testCreateObject" class="App\Game21\Game21TestWinStatus" classname="App.Game21.Game21TestWinStatus" file="/Users/elena/dbwebb-kurser/mvc/me/report/tests/Game21/Game21TestWinStatus.php" line="44" assertions="1" time="0.005902"/>
        <testcase name="testPlayerQueueInGame" class="App\Game21\Game21TestWinStatus" classname="App.Game21.Game21TestWinStatus" file="/Users/elena/dbwebb-kurser/mvc/me/report/tests/Game21/Game21TestWinStatus.php" line="53" assertions="6" time="0.002844"/>
        <testcase name="testCurrentPlayerHandIsEmpty" class="App\Game21\Game21TestWinStatus" classname="App.Game21.Game21TestWinStatus" file="/Users/elena/dbwebb-kurser/mvc/me/report/tests/Game21/Game21TestWinStatus.php" line="77" assertions="3" time="0.002072"/>
        <testcase name="testCardDeckInGame" class="App\Game21\Game21TestWinStatus" classname="App.Game21.Game21TestWinStatus" file="/Users/elena/dbwebb-kurser/mvc/me/report/tests/Game21/Game21TestWinStatus.php" line="91" assertions="6" time="0.010142"/>
      </testsuite>
    </testsuite>
  </testsuite>
</testsuites>
